#
# There is insufficient memory for the Java Runtime Environment to continue.
# Native memory allocation (mmap) failed to map 917504 bytes for G1 virtual space
# Possible reasons:
#   The system is out of physical RAM or swap space
#   The process is running with CompressedOops enabled, and the Java Heap may be blocking the growth of the native heap
# Possible solutions:
#   Reduce memory load on the system
#   Increase physical memory or swap space
#   Check if swap backing store is full
#   Decrease Java heap size (-Xmx/-Xms)
#   Decrease number of Java threads
#   Decrease Java thread stack sizes (-Xss)
#   Set larger code cache with -XX:ReservedCodeCacheSize=
#   JVM is running with Unscaled Compressed Oops mode in which the Java heap is
#     placed in the first 4GB address space. The Java Heap base address is the
#     maximum limit for the native heap growth. Please use -XX:HeapBaseMinAddress
#     to set the Java Heap base and to place the Java Heap above 4GB virtual address.
# This output file may be truncated or incomplete.
#
#  Out of Memory Error (os_windows.cpp:3600), pid=7768, tid=2292
#
# JRE version:  (21.0+35) (build )
# Java VM: Java HotSpot(TM) 64-Bit Server VM (21+35-LTS-2513, mixed mode, sharing, tiered, compressed oops, compressed class ptrs, g1 gc, windows-amd64)
# No core dump will be written. Minidumps are not enabled by default on client versions of Windows
#

---------------  S U M M A R Y ------------

Command Line: -javaagent:C:\Program Files\JetBrains\IntelliJ IDEA Community Edition 2023.2.5\lib\idea_rt.jar=50070:C:\Program Files\JetBrains\IntelliJ IDEA Community Edition 2023.2.5\bin -Dfile.encoding=UTF-8 -Dsun.stdout.encoding=UTF-8 -Dsun.stderr.encoding=UTF-8 --module-path=C:\Users\Ёлиза\.jdks\javafx-sdk-21.0.1\lib\javafx.swing.jar;C:\Users\Ёлиза\.m2\repository\com\fasterxml\jackson\core\jackson-core\2.12.1\jackson-core-2.12.1.jar;C:\Users\Ёлиза\.m2\repository\com\github\almasb\fxgl-core\17.2\fxgl-core-17.2.jar;C:\Users\Ёлиза\.m2\repository\eu\hansolo\fx\countries\17.0.23\countries-17.0.23.jar;C:\Users\Ёлиза\.m2\repository\org\kordamp\bootstrapfx\bootstrapfx-core\0.4.0\bootstrapfx-core-0.4.0.jar;C:\Users\Ёлиза\.m2\repository\com\gluonhq\attach\audio\4.0.13\audio-4.0.13.jar;C:\Users\Ёлиза\.m2\repository\eu\hansolo\toolboxfx\17.0.33\toolboxfx-17.0.33.jar;C:\Users\Ёлиза\.m2\repository\eu\hansolo\tilesfx\17.1.17\tilesfx-17.1.17.jar;C:\Users\Ёлиза\.m2\repository\com\github\almasb\fxgl-gameplay\17.2\fxgl-gameplay-17.2.jar;C:\Users\Ёлиза\.m2\repository\eu\hansolo\fx\heatmap\17.0.12\heatmap-17.0.12.jar;C:\Users\Ёлиза\.m2\repository\org\openjfx\javafx-web\21-ea+24\javafx-web-21-ea+24-win.jar;C:\Users\Ёлиза\.m2\repository\org\openjfx\javafx-controls\21-ea+24\javafx-controls-21-ea+24-win.jar;C:\Users\Ёлиза\.m2\repository\org\projectlombok\lombok\1.18.30\lombok-1.18.30.jar;C:\Users\Ёлиза\.m2\repository\com\gluonhq\attach\lifecycle\4.0.13\lifecycle-4.0.13.jar;C:\Users\Ёлиза\.m2\repository\org\controlsfx\controlsfx\11.1.2\controlsfx-11.1.2.jar;C:\Users\Ёлиза\.m2\repository\org\kordamp\ikonli\ikonli-core\12.3.1\ikonli-core-12.3.1.jar;C:\Users\Ёлиза\.m2\repository\org\openjfx\javafx-base\21-ea+24\javafx-base-21-ea+24-win.jar;C:\Users\Ёлиза\.m2\repository\com\dlsc\formsfx\formsfx-core\11.6.0\formsfx-core-11.6.0.jar;C:\Users\Ёлиза\.m2\repository\com\fasterxml\jackson\core\jackson-annotations\2.12.1\jackson-annotations-2.12.1.jar;C:\Users\Ёлиза\.m2\repository\org\openjfx\javafx-fxml\21-ea+24\javafx-fxml-21-ea+24-win.jar;C:\Users\Ёлиза\.m2\repository\org\openjfx\javafx-media\21-ea+24\javafx-media-21-ea+24-win.jar;C:\Users\Ёлиза\.m2\repository\com\gluonhq\attach\storage\4.0.13\storage-4.0.13.jar;C:\Users\Ёлиза\.m2\repository\com\github\alma-Djdk.module.main=task.credit task.credit/task.finance.FinanceApp

Host: AMD Ryzen 3 3200U with Radeon Vega Mobile Gfx  , 4 cores, 3G,  Windows 10 , 64 bit Build 19041 (10.0.19041.3636)
Time: Thu Dec 28 22:15:58 2023  Windows 10 , 64 bit Build 19041 (10.0.19041.3636) elapsed time: 0.037411 seconds (0d 0h 0m 0s)

---------------  T H R E A D  ---------------

Current thread (0x0000021d366de9c0):  JavaThread "Unknown thread" [_thread_in_vm, id=2292, stack(0x0000008d6a600000,0x0000008d6a700000) (1024K)]

Stack: [0x0000008d6a600000,0x0000008d6a700000]
Native frames: (J=compiled Java code, j=interpreted, Vv=VM code, C=native code)
V  [jvm.dll+0x6c8d39]
V  [jvm.dll+0x854091]
V  [jvm.dll+0x85630e]
V  [jvm.dll+0x8569e3]
V  [jvm.dll+0x2809a6]
V  [jvm.dll+0x6c5425]
V  [jvm.dll+0x6b9e1a]
V  [jvm.dll+0x3555ba]
V  [jvm.dll+0x35d206]
V  [jvm.dll+0x3adf83]
V  [jvm.dll+0x3ae218]
V  [jvm.dll+0x328fcc]
V  [jvm.dll+0x329b5b]
V  [jvm.dll+0x81c699]
V  [jvm.dll+0x3bb2a1]
V  [jvm.dll+0x805688]
V  [jvm.dll+0x44ed9e]
V  [jvm.dll+0x4506a1]
C  [jli.dll+0x52a3]
C  [ucrtbase.dll+0x21bb2]
C  [KERNEL32.DLL+0x17344]
C  [ntdll.dll+0x526b1]


---------------  P R O C E S S  ---------------

Threads class SMR info:
_java_thread_list=0x00007ffa0ba27b48, length=0, elements={
}

Java Threads: ( => current thread )
Total: 0

Other Threads:
  0x0000021d365d34d0 WorkerThread "GC Thread#0"                     [id=6140, stack(0x0000008d6a700000,0x0000008d6a800000) (1024K)]
  0x0000021d3671dd20 ConcurrentGCThread "G1 Main Marker"            [id=8196, stack(0x0000008d6a800000,0x0000008d6a900000) (1024K)]
  0x0000021d365d3870 WorkerThread "G1 Conc#0"                       [id=4600, stack(0x0000008d6a900000,0x0000008d6aa00000) (1024K)]

[error occurred during error reporting (printing all threads), id 0xc0000005, EXCEPTION_ACCESS_VIOLATION (0xc0000005) at pc=0x00007ffa0b19c097]
VM state: not at safepoint (not fully initialized)

VM Mutex/Monitor currently owned by a thread:  ([mutex/lock_event])
[0x00007ffa0ba98648] Heap_lock - owner thread: 0x0000021d366de9c0

Heap address: 0x00000000c8e00000, size: 882 MB, Compressed Oops mode: 32-bit

CDS archive(s) mapped at: [0x0000000000000000-0x0000000000000000-0x0000000000000000), size 0, SharedBaseAddress: 0x0000000800000000, ArchiveRelocationMode: 1.
Narrow klass base: 0x0000000000000000, Narrow klass shift: 0, Narrow klass range: 0x0

GC Precious Log:
 CardTable entry size: 512
 Card Set container configuration: InlinePtr #cards 5 size 8 Array Of Cards #cards 12 size 40 Howl #buckets 4 coarsen threshold 1843 Howl Bitmap #cards 512 size 80 coarsen threshold 460 Card regions per heap region 1 cards per card region 2048

Heap:
 garbage-first heap   total 0K, used 0K [0x00000000c8e00000, 0x0000000100000000)
  region size 1024K, 0 young (0K), 0 survivors (0K)

[error occurred during error reporting (printing heap information), id 0xc0000005, EXCEPTION_ACCESS_VIOLATION (0xc0000005) at pc=0x00007ffa0b581939]
GC Heap History (0 events):
No events

Dll operation events (1 events):
Event: 0.022 Loaded shared library D:\Program Files\Java\jdk-21\bin\java.dll

Deoptimization events (0 events):
No events

Classes loaded (0 events):
No events

Classes unloaded (0 events):
No events

Classes redefined (0 events):
No events

Internal exceptions (0 events):
No events

ZGC Phase Switch (0 events):
No events

VM Operations (0 events):
No events

Events (0 events):
No events


Dynamic libraries:
0x00007ff754c40000 - 0x00007ff754c50000 	D:\Program Files\Java\jdk-21\bin\java.exe
0x00007ffa64390000 - 0x00007ffa64588000 	C:\Windows\SYSTEM32\ntdll.dll
0x00007ffa62560000 - 0x00007ffa6261d000 	C:\Windows\System32\KERNEL32.DLL
0x00007ffa61ac0000 - 0x00007ffa61db6000 	C:\Windows\System32\KERNELBASE.dll
0x00007ffa61dc0000 - 0x00007ffa61ec0000 	C:\Windows\System32\ucrtbase.dll
0x00007ffa5c920000 - 0x00007ffa5c93b000 	D:\Program Files\Java\jdk-21\bin\VCRUNTIME140.dll
0x00007ffa41bb0000 - 0x00007ffa41bc9000 	D:\Program Files\Java\jdk-21\bin\jli.dll
0x00007ffa62420000 - 0x00007ffa624cf000 	C:\Windows\System32\ADVAPI32.dll
0x00007ffa62d00000 - 0x00007ffa62d9e000 	C:\Windows\System32\msvcrt.dll
0x00007ffa64170000 - 0x00007ffa6420c000 	C:\Windows\System32\sechost.dll
0x00007ffa62620000 - 0x00007ffa62746000 	C:\Windows\System32\RPCRT4.dll
0x00007ffa51ed0000 - 0x00007ffa5216a000 	C:\Windows\WinSxS\amd64_microsoft.windows.common-controls_6595b64144ccf1df_6.0.19041.3636_none_60b6a03d71f818d5\COMCTL32.dll
0x00007ffa631e0000 - 0x00007ffa6337e000 	C:\Windows\System32\USER32.dll
0x00007ffa623f0000 - 0x00007ffa6241c000 	C:\Windows\System32\GDI32.dll
0x00007ffa620d0000 - 0x00007ffa621ea000 	C:\Windows\System32\gdi32full.dll
0x00007ffa61ec0000 - 0x00007ffa61f5d000 	C:\Windows\System32\msvcp_win.dll
0x00007ffa621f0000 - 0x00007ffa62212000 	C:\Windows\System32\win32u.dll
0x00007ffa596a0000 - 0x00007ffa596aa000 	C:\Windows\SYSTEM32\VERSION.dll
0x00007ffa64140000 - 0x00007ffa64170000 	C:\Windows\System32\IMM32.DLL
0x00007ffa5c910000 - 0x00007ffa5c91c000 	D:\Program Files\Java\jdk-21\bin\vcruntime140_1.dll
0x00007ffa37ed0000 - 0x00007ffa37f5e000 	D:\Program Files\Java\jdk-21\bin\msvcp140.dll
0x00007ffa0ae60000 - 0x00007ffa0bb73000 	D:\Program Files\Java\jdk-21\bin\server\jvm.dll
0x00007ffa62750000 - 0x00007ffa627bb000 	C:\Windows\System32\WS2_32.dll
0x00007ffa571e0000 - 0x00007ffa57207000 	C:\Windows\SYSTEM32\WINMM.dll
0x00007ffa618d0000 - 0x00007ffa6191b000 	C:\Windows\SYSTEM32\POWRPROF.dll
0x00007ffa618b0000 - 0x00007ffa618c2000 	C:\Windows\SYSTEM32\UMPDC.dll
0x00007ffa5f930000 - 0x00007ffa5f942000 	C:\Windows\SYSTEM32\kernel.appcore.dll
0x00007ffa3ebe0000 - 0x00007ffa3ebea000 	D:\Program Files\Java\jdk-21\bin\jimage.dll
0x00007ffa4f3f0000 - 0x00007ffa4f5d4000 	C:\Windows\SYSTEM32\DBGHELP.DLL
0x00007ffa4f3b0000 - 0x00007ffa4f3e4000 	C:\Windows\SYSTEM32\dbgcore.DLL
0x00007ffa62040000 - 0x00007ffa620c2000 	C:\Windows\System32\bcryptPrimitives.dll
0x00007ffa5c470000 - 0x00007ffa5c47f000 	D:\Program Files\Java\jdk-21\bin\instrument.dll
0x00007ffa37eb0000 - 0x00007ffa37ecf000 	D:\Program Files\Java\jdk-21\bin\java.dll

dbghelp: loaded successfully - version: 4.0.5 - missing functions: none
symbol engine: initialized successfully - sym options: 0x614 - pdb path: .;D:\Program Files\Java\jdk-21\bin;C:\Windows\SYSTEM32;C:\Windows\WinSxS\amd64_microsoft.windows.common-controls_6595b64144ccf1df_6.0.19041.3636_none_60b6a03d71f818d5;D:\Program Files\Java\jdk-21\bin\server

VM Arguments:
jvm_args: -javaagent:C:\Program Files\JetBrains\IntelliJ IDEA Community Edition 2023.2.5\lib\idea_rt.jar=50070:C:\Program Files\JetBrains\IntelliJ IDEA Community Edition 2023.2.5\bin -Dfile.encoding=UTF-8 -Dsun.stdout.encoding=UTF-8 -Dsun.stderr.encoding=UTF-8 --module-path=C:\Users\Ёлиза\.jdks\javafx-sdk-21.0.1\lib\javafx.swing.jar;C:\Users\Ёлиза\.m2\repository\com\fasterxml\jackson\core\jackson-core\2.12.1\jackson-core-2.12.1.jar;C:\Users\Ёлиза\.m2\repository\com\github\almasb\fxgl-core\17.2\fxgl-core-17.2.jar;C:\Users\Ёлиза\.m2\repository\eu\hansolo\fx\countries\17.0.23\countries-17.0.23.jar;C:\Users\Ёлиза\.m2\repository\org\kordamp\bootstrapfx\bootstrapfx-core\0.4.0\bootstrapfx-core-0.4.0.jar;C:\Users\Ёлиза\.m2\repository\com\gluonhq\attach\audio\4.0.13\audio-4.0.13.jar;C:\Users\Ёлиза\.m2\repository\eu\hansolo\toolboxfx\17.0.33\toolboxfx-17.0.33.jar;C:\Users\Ёлиза\.m2\repository\eu\hansolo\tilesfx\17.1.17\tilesfx-17.1.17.jar;C:\Users\Ёлиза\.m2\repository\com\github\almasb\fxgl-gameplay\17.2\fxgl-gameplay-17.2.jar;C:\Users\Ёлиза\.m2\repository\eu\hansolo\fx\heatmap\17.0.12\heatmap-17.0.12.jar;C:\Users\Ёлиза\.m2\repository\org\openjfx\javafx-web\21-ea+24\javafx-web-21-ea+24-win.jar;C:\Users\Ёлиза\.m2\repository\org\openjfx\javafx-controls\21-ea+24\javafx-controls-21-ea+24-win.jar;C:\Users\Ёлиза\.m2\repository\org\projectlombok\lombok\1.18.30\lombok-1.18.30.jar;C:\Users\Ёлиза\.m2\repository\com\gluonhq\attach\lifecycle\4.0.13\lifecycle-4.0.13.jar;C:\Users\Ёлиза\.m2\repository\org\controlsfx\controlsfx\11.1.2\controlsfx-11.1.2.jar;C:\Users\Ёлиза\.m2\repository\org\kordamp\ikonli\ikonli-core\12.3.1\ikonli-core-12.3.1.jar;C:\Users\Ёлиза\.m2\repository\org\openjfx\javafx-base\21-ea+24\javafx-base-21-ea+24-win.jar;C:\Users\Ёлиза\.m2\repository\com\dlsc\formsfx\formsfx-core\11.6.0\formsfx-core-11.6.0.jar;C:\Users\Ёлиза\.m2\repository\com\fasterxml\jackson\core\jackson-annotations\2.12.1\jackson-annotations-2.12.1.jar;C:\Users\Ёлиза\.m2\repository\org\openjfx\javafx-fxml\21-ea+24\javafx-fxml-21-ea+24-win.jar;C:\Users\Ёлиза\.m2\repository\org\openjfx\javafx-media\21-ea+24\javafx-media-21-ea+24-win.jar;C:\Users\Ёлиза\.m2\repository\com\gluonhq\attach\storage\4.0.13\storage-4.0.13.jar;C:\Users\Ёлиза\.m2\repository\com\github\alma-Djdk.module.main=task.credit 
java_command: task.credit/task.finance.FinanceApp
java_class_path (initial): C:\Users\Ёлиза\.m2\repository\org\openjfx\javafx-controls\21-ea+24\javafx-controls-21-ea+24.jar;C:\Users\Ёлиза\.m2\repository\org\openjfx\javafx-graphics\21-ea+24\javafx-graphics-21-ea+24.jar;C:\Users\Ёлиза\.m2\repository\org\openjfx\javafx-base\21-ea+24\javafx-base-21-ea+24.jar;C:\Users\Ёлиза\.m2\repository\org\openjfx\javafx-fxml\21-ea+24\javafx-fxml-21-ea+24.jar;C:\Users\Ёлиза\.m2\repository\org\openjfx\javafx-web\21-ea+24\javafx-web-21-ea+24.jar;C:\Users\Ёлиза\.m2\repository\org\openjfx\javafx-media\21-ea+24\javafx-media-21-ea+24.jar;C:\Users\Ёлиза\.m2\repository\org\jetbrains\annotations\13.0\annotations-13.0.jar;C:\Users\Ёлиза\.m2\repository\org\jetbrains\kotlin\kotlin-stdlib-common\1.6.0\kotlin-stdlib-common-1.6.0.jar;C:\Users\Ёлиза\Downloads\mysql-connector-j-8.2.0\mysql-connector-j-8.2.0.jar
Launcher Type: SUN_STANDARD

[Global flags]
     intx CICompilerCount                          = 3                                         {product} {ergonomic}
     uint ConcGCThreads                            = 1                                         {product} {ergonomic}
     uint G1ConcRefinementThreads                  = 4                                         {product} {ergonomic}
   size_t G1HeapRegionSize                         = 1048576                                   {product} {ergonomic}
    uintx GCDrainStackTargetSize                   = 64                                        {product} {ergonomic}
   size_t InitialHeapSize                          = 58720256                                  {product} {ergonomic}
   size_t MarkStackSize                            = 4194304                                   {product} {ergonomic}
   size_t MaxHeapSize                              = 924844032                                 {product} {ergonomic}
   size_t MinHeapDeltaBytes                        = 1048576                                   {product} {ergonomic}
   size_t MinHeapSize                              = 8388608                                   {product} {ergonomic}
    uintx NonNMethodCodeHeapSize                   = 5832780                                {pd product} {ergonomic}
    uintx NonProfiledCodeHeapSize                  = 122912730                              {pd product} {ergonomic}
    uintx ProfiledCodeHeapSize                     = 122912730                              {pd product} {ergonomic}
    uintx ReservedCodeCacheSize                    = 251658240                              {pd product} {ergonomic}
     bool SegmentedCodeCache                       = true                                      {product} {ergonomic}
   size_t SoftMaxHeapSize                          = 924844032                              {manageable} {ergonomic}
     bool UseCompressedOops                        = true                           {product lp64_product} {ergonomic}
     bool UseG1GC                                  = true                                      {product} {ergonomic}
     bool UseLargePagesIndividualAllocation        = false                                  {pd product} {ergonomic}

Logging:
Log output configuration:
 #0: stdout all=warning uptime,level,tags foldmultilines=false
 #1: stderr all=off uptime,level,tags foldmultilines=false

Environment Variables:
PATH=C:\Program Files\Python38\Scripts\;C:\Program Files\Python38\;C:\Windows\system32;C:\Windows;C:\Windows\System32\Wbem;C:\Windows\System32\WindowsPowerShell\v1.0\;C:\Program Files\Microsoft SQL Server\120\DTS\Binn\;C:\Program Files\Microsoft SQL Server\Client SDK\ODBC\110\Tools\Binn\;C:\Program Files (x86)\Microsoft SQL Server\120\Tools\Binn\;C:\Program Files\Microsoft SQL Server\120\Tools\Binn\;C:\Program Files (x86)\Microsoft SQL Server\120\Tools\Binn\ManagementStudio\;C:\Program Files (x86)\Microsoft SQL Server\120\DTS\Binn\;C:\Program Files\Git\cmd;C:\Users\Ёлиза\AppData\Local\Microsoft\WindowsApps;;C:\Program Files\JetBrains\IntelliJ IDEA Community Edition 2023.2.5\bin;;C:\Program Files\JetBrains\PyCharm Edu 2022.2.2\bin;;C:\Program Files\Microsoft VS Code\bin;C:\Program Files\JetBrains\PyCharm Community Edition 2023.2.5\bin;
USERNAME=Ёлиза
OS=Windows_NT
PROCESSOR_IDENTIFIER=AMD64 Family 23 Model 24 Stepping 1, AuthenticAMD
TMP=C:\Temp
TEMP=C:\Temp




---------------  S Y S T E M  ---------------

OS:
 Windows 10 , 64 bit Build 19041 (10.0.19041.3636)
OS uptime: 0 days 0:54 hours

CPU: total 4 (initial active 4) (4 cores per cpu, 2 threads per core) family 23 model 24 stepping 1 microcode 0x0, cx8, cmov, fxsr, ht, mmx, 3dnowpref, sse, sse2, sse3, ssse3, sse4a, sse4.1, sse4.2, popcnt, lzcnt, tsc, tscinvbit, avx, avx2, aes, clmul, bmi1, bmi2, adx, sha, fma, vzeroupper, clflush, clflushopt, rdtscp, f16c
Processor Information for all 4 processors :
  Max Mhz: 2600, Current Mhz: 2600, Mhz Limit: 2600

Memory: 4k page, system-wide physical 3522M (442M free)
TotalPageFile size 9854M (AvailPageFile size 5M)
current process WorkingSet (physical memory assigned to process): 10M, peak: 10M
current process commit charge ("private bytes"): 107M, peak: 108M

vm_info: Java HotSpot(TM) 64-Bit Server VM (21+35-LTS-2513) for windows-amd64 JRE (21+35-LTS-2513), built on 2023-08-09T20:25:10Z by "mach5one" with MS VC++ 17.1 (VS2022)

END.
