#
# A fatal error has been detected by the Java Runtime Environment:
#
#  EXCEPTION_ACCESS_VIOLATION (0xc0000005) at pc=0x00007fff091c6587, pid=4124, tid=3748
#
# JRE version: Java(TM) SE Runtime Environment (21.0+35) (build 21+35-LTS-2513)
# Java VM: Java HotSpot(TM) 64-Bit Server VM (21+35-LTS-2513, mixed mode, sharing, tiered, compressed oops, compressed class ptrs, g1 gc, windows-amd64)
# Problematic frame:
# C  [glass.dll+0x26587]
#
# No core dump will be written. Minidumps are not enabled by default on client versions of Windows
#
# If you would like to submit a bug report, please visit:
#   https://bugreport.java.com/bugreport/crash.jsp
#

---------------  S U M M A R Y ------------

Command Line: -javaagent:C:\Program Files\JetBrains\IntelliJ IDEA Community Edition 2023.2.5\lib\idea_rt.jar=49860:C:\Program Files\JetBrains\IntelliJ IDEA Community Edition 2023.2.5\bin -Dfile.encoding=UTF-8 -Dsun.stdout.encoding=UTF-8 -Dsun.stderr.encoding=UTF-8 --module-path=C:\Users\Ёлиза\IdeaProjects\credit\target\classes;C:\Users\Ёлиза\.m2\repository\net\synedra\validatorfx\0.4.0\validatorfx-0.4.0.jar;C:\Users\Ёлиза\.m2\repository\org\openjfx\javafx-fxml\21-ea+24\javafx-fxml-21-ea+24-win.jar;C:\Users\Ёлиза\.m2\repository\com\github\almasb\fxgl-gameplay\17.2\fxgl-gameplay-17.2.jar;C:\Users\Ёлиза\.m2\repository\com\github\almasb\fxgl-io\17.2\fxgl-io-17.2.jar;C:\Users\Ёлиза\.m2\repository\org\openjfx\javafx-media\21-ea+24\javafx-media-21-ea+24-win.jar;C:\Users\Ёлиза\.m2\repository\com\gluonhq\attach\lifecycle\4.0.13\lifecycle-4.0.13.jar;C:\Users\Ёлиза\.m2\repository\eu\hansolo\toolboxfx\17.0.33\toolboxfx-17.0.33.jar;C:\Users\Ёлиза\.m2\repository\com\fasterxml\jackson\core\jackson-core\2.12.1\jackson-core-2.12.1.jar;C:\Users\Ёлиза\.m2\repository\com\github\almasb\fxgl\17.2\fxgl-17.2.jar;C:\Users\Ёлиза\.m2\repository\org\controlsfx\controlsfx\11.1.2\controlsfx-11.1.2.jar;C:\Users\Ёлиза\.m2\repository\org\openjfx\javafx-graphics\21-ea+24\javafx-graphics-21-ea+24-win.jar;C:\Users\Ёлиза\.m2\repository\eu\hansolo\fx\heatmap\17.0.12\heatmap-17.0.12.jar;C:\Users\Ёлиза\.m2\repository\com\github\almasb\fxgl-entity\17.2\fxgl-entity-17.2.jar;C:\Users\Ёлиза\.m2\repository\com\gluonhq\attach\audio\4.0.13\audio-4.0.13.jar;C:\Users\Ёлиза\.m2\repository\com\dlsc\formsfx\formsfx-core\11.6.0\formsfx-core-11.6.0.jar;C:\Users\Ёлиза\.m2\repository\org\kordamp\ikonli\ikonli-javafx\12.3.1\ikonli-javafx-12.3.1.jar;C:\Users\Ёлиза\.m2\repository\eu\hansolo\tilesfx\17.1.17\tilesfx-17.1.17.jar;C:\Users\Ёлиза\.m2\repository\org\openjfx\javafx-base\21-ea+24\javafx-base-21-ea+24-win.jar;C:\Users\Ёлиза\.jdks\javafx-sdk-21.0.1\lib\javafx.swing.jar;C:\Users\Ёлиза\.m2\repository\com\gluonhq\attach\storage\4.0.13\storage-4.0.13.jar;C:\Users\Ёлиза\.m2\repository\org\jetbrains\kotlin\kotlin-stdlib\1.6.0\kotlin-stdlib-1.6.0-modular.jar;C:\Users\Ёлиза\.m2\repository\com\github\almasb\fxgl-core\17.2\fxgl-core-17.2.jar;C:\Users\Ёлиза\.m2\repository\org\openjfx\jav-Djdk.module.main=task.credit task.credit/task.finance.FinanceApp

Host: AMD Ryzen 3 3200U with Radeon Vega Mobile Gfx  , 4 cores, 3G,  Windows 10 , 64 bit Build 19041 (10.0.19041.3636)
Time: Mon Dec 18 21:43:41 2023  Windows 10 , 64 bit Build 19041 (10.0.19041.3636) elapsed time: 255.634306 seconds (0d 0h 4m 15s)

---------------  T H R E A D  ---------------

Current thread (0x00000258b5e449a0):  VMThread "VM Thread"          [id=3748, stack(0x0000006dd2e00000,0x0000006dd2f00000) (1024K)]

Stack: [0x0000006dd2e00000,0x0000006dd2f00000],  sp=0x0000006dd2eff150,  free space=1020k
Native frames: (J=compiled Java code, j=interpreted, Vv=VM code, C=native code)
C  [glass.dll+0x26587]


siginfo: EXCEPTION_ACCESS_VIOLATION (0xc0000005), reading address 0x0000000000000000


Registers:
RAX=0x0000000000000000, RBX=0x00000258b5e51a62, RCX=0x00000258b5e449a0, RDX=0x0000006dd2eff150
RSP=0x0000006dd2eff150, RBP=0x00000259183b3848, RSI=0x00000259183b3820, RDI=0x0000e5a1b572a883
R8 =0x0000000000010002, R9 =0x0000e5a1b572a883, R10=0x0000000000008000, R11=0x0000006dd2eff0e0
R12=0x00007fff091c3ed0, R13=0x00007ffec42ffe60, R14=0x0000006dd2eff248, R15=0x00000259183b3820
RIP=0x00007fff091c6587, EFLAGS=0x0000000000010206


Register to memory mapping:

RAX=0x0 is null
RBX=0x00000258b5e51a62 is a global jni handle
RCX=0x00000258b5e449a0 points into unknown readable memory: 0x00007ffec4112a18 | 18 2a 11 c4 fe 7f 00 00
RDX=0x0000006dd2eff150 points into unknown readable memory: 0x0000000000000000 | 00 00 00 00 00 00 00 00
RSP=0x0000006dd2eff150 points into unknown readable memory: 0x0000000000000000 | 00 00 00 00 00 00 00 00
RBP=0x00000259183b3848 points into unknown readable memory: 0x0000e5a1b572a883 | 83 a8 72 b5 a1 e5 00 00
RSI=0x00000259183b3820 points into unknown readable memory: 0x00031a59fd9367c3 | c3 67 93 fd 59 1a 03 00
RDI=0x0000e5a1b572a883 is an unknown value
R8 =0x0000000000010002 is an unknown value
R9 =0x0000e5a1b572a883 is an unknown value
R10=0x0000000000008000 is an unknown value
R11=0x0000006dd2eff0e0 points into unknown readable memory: 0x00000259183b3820 | 20 38 3b 18 59 02 00 00
R12=0x00007fff091c3ed0 glass.dll
R13=0x00007ffec42ffe60 jvm.dll
R14=0x0000006dd2eff248 points into unknown readable memory: 0x0000006dd2eff230 | 30 f2 ef d2 6d 00 00 00
R15=0x00000259183b3820 points into unknown readable memory: 0x00031a59fd9367c3 | c3 67 93 fd 59 1a 03 00

Top of Stack: (sp=0x0000006dd2eff150)
0x0000006dd2eff150:   0000000000000000 00000259183b3820
0x0000006dd2eff160:   00007ffec42ffe60 00007fff091c3ed0
0x0000006dd2eff170:   00000259183b3828 00007fff1b3342d6
0x0000006dd2eff180:   0000e5a1b572a883 0000025900000000
0x0000006dd2eff190:   00000259183b3848 00000259183b3820
0x0000006dd2eff1a0:   fffffffffffffffe 0000000000000000
0x0000006dd2eff1b0:   0000000000000001 00007fff091a0000
0x0000006dd2eff1c0:   0000006dd2eff238 00007fff1b3341fb
0x0000006dd2eff1d0:   0000000000000000 0000006dd2eff248
0x0000006dd2eff1e0:   0000006dd2eff520 00007fff1b410e40
0x0000006dd2eff1f0:   0000000000000001 00007fff1b3341b4
0x0000006dd2eff200:   0000000000000000 0000000000000001
0x0000006dd2eff210:   0000000000000000 0000006dd2eff238
0x0000006dd2eff220:   0000000000000001 00007fff091c3d5d
0x0000006dd2eff230:   00007fff091da008 00007fff00000002
0x0000006dd2eff240:   0000000000000002 0000006dd2eff230
0x0000006dd2eff250:   0000000000000000 00007fff1d8e9993
0x0000006dd2eff260:   0000000000000000 00007fff091c3e82
0x0000006dd2eff270:   0000000000000001 00007fff1b900000
0x0000006dd2eff280:   00007fff1b900000 00007fff1b909266
0x0000006dd2eff290:   0000000000000001 00007fff1d82236a
0x0000006dd2eff2a0:   0000000000000001 00007fff19980000
0x0000006dd2eff2b0:   00007fff091a0000 000000007ffe0384
0x0000006dd2eff2c0:   0000000000000000 00007fff1d8e9a1d
0x0000006dd2eff2d0:   00007fff091a0000 0000000000000000
0x0000006dd2eff2e0:   0000000000000001 000000007ffe0385
0x0000006dd2eff2f0:   0000000000000000 00007fff1d92de41
0x0000006dd2eff300:   00001b935d0ca300 0000000000000014
0x0000006dd2eff310:   00007fff091c3ed0 0000000000000000
0x0000006dd2eff320:   0000000000000000 0000006dd22af000
0x0000006dd2eff330:   00000259183ba280 00007fff1d92dcda
0x0000006dd2eff340:   00000259183b9420 00007fff091a0000 

Instructions: (pc=0x00007fff091c6587)
0x00007fff091c6487:   8b 4d 58 e8 8d cf ff ff 48 8b 4d 60 e8 84 cf ff
0x00007fff091c6497:   ff 48 8b 95 80 00 00 00 48 8b 8d 18 01 00 00 e8
0x00007fff091c64a7:   76 c4 ff ff 33 d2 33 c9 e8 cc e1 ff ff 90 48 89
0x00007fff091c64b7:   54 24 10 55 48 83 ec 20 48 8b ea 48 b8 00 00 00
0x00007fff091c64c7:   00 00 00 00 00 48 83 c4 20 5d c3 cc 40 55 48 8b
0x00007fff091c64d7:   ea 48 8b 01 33 c9 81 38 05 00 00 c0 0f 94 c1 8b
0x00007fff091c64e7:   c1 5d c3 cc 40 55 48 83 ec 20 48 8b ea 8a 4d 40
0x00007fff091c64f7:   48 83 c4 20 5d e9 73 d3 ff ff cc 40 55 48 83 ec
0x00007fff091c6507:   20 48 8b ea 8a 4d 20 e8 61 d3 ff ff 90 48 83 c4
0x00007fff091c6517:   20 5d c3 cc 40 55 48 83 ec 20 48 8b ea 48 83 c4
0x00007fff091c6527:   20 5d e9 c2 d1 ff ff cc 40 55 48 83 ec 30 48 8b
0x00007fff091c6537:   ea 48 8b 01 8b 10 48 89 4c 24 28 89 54 24 20 4c
0x00007fff091c6547:   8d 0d 63 d6 ff ff 4c 8b 45 70 8b 55 68 48 8b 4d
0x00007fff091c6557:   60 e8 03 d1 ff ff 90 48 83 c4 30 5d c3 cc cc cc
0x00007fff091c6567:   cc cc cc cc cc cc cc cc cc 40 53 48 83 ec 20 48
0x00007fff091c6577:   8b 1d 8b 34 01 00 48 85 db 74 16 e8 89 8f ff ff
0x00007fff091c6587:   4c 8b 00 48 8b d3 48 8b c8 41 ff 90 b0 00 00 00
0x00007fff091c6597:   90 48 83 c4 20 5b c3 cc cc 40 53 48 83 ec 20 48
0x00007fff091c65a7:   8b 1d fb 35 01 00 48 85 db 74 57 b8 ff ff ff ff
0x00007fff091c65b7:   f0 0f c1 43 10 83 f8 01 75 3d 48 85 db 74 38 48
0x00007fff091c65c7:   8b 0b 48 85 c9 74 0d ff 15 d4 0c 00 00 48 c7 03
0x00007fff091c65d7:   00 00 00 00 48 8b 4b 08 48 85 c9 74 0d e8 33 ce
0x00007fff091c65e7:   ff ff 48 c7 43 08 00 00 00 00 ba 18 00 00 00 48
0x00007fff091c65f7:   8b cb e8 1e ce ff ff 48 c7 05 9f 35 01 00 00 00
0x00007fff091c6607:   00 00 48 83 c4 20 5b c3 cc 40 53 48 83 ec 20 48
0x00007fff091c6617:   8b 1d 6b 35 01 00 48 85 db 74 57 b8 ff ff ff ff
0x00007fff091c6627:   f0 0f c1 43 10 83 f8 01 75 3d 48 85 db 74 38 48
0x00007fff091c6637:   8b 0b 48 85 c9 74 0d ff 15 64 0c 00 00 48 c7 03
0x00007fff091c6647:   00 00 00 00 48 8b 4b 08 48 85 c9 74 0d e8 c3 cd
0x00007fff091c6657:   ff ff 48 c7 43 08 00 00 00 00 ba 18 00 00 00 48
0x00007fff091c6667:   8b cb e8 ae cd ff ff 48 c7 05 0f 35 01 00 00 00
0x00007fff091c6677:   00 00 48 83 c4 20 5b c3 cc 40 53 48 83 ec 20 48 


Stack slot to memory mapping:

stack at sp + 0 slots: 0x0 is null
stack at sp + 1 slots: 0x00000259183b3820 points into unknown readable memory: 0x00031a59fd9367c3 | c3 67 93 fd 59 1a 03 00
stack at sp + 2 slots: 0x00007ffec42ffe60 jvm.dll
stack at sp + 3 slots: 0x00007fff091c3ed0 glass.dll
stack at sp + 4 slots: 0x00000259183b3828 points into unknown readable memory: 0x0000e5a1b572a883 | 83 a8 72 b5 a1 e5 00 00
stack at sp + 5 slots: 0x00007fff1b3342d6 ucrtbase.dll
stack at sp + 6 slots: 0x0000e5a1b572a883 is an unknown value
stack at sp + 7 slots: 0x0000025900000000 is an unknown value

VM_Operation (0x0000006dd24fef70): Exit, mode: safepoint, requested by thread 0x00000259180d4370


---------------  P R O C E S S  ---------------

Threads class SMR info:
_java_thread_list=0x000002591dc8d160, length=22, elements={
0x00000258b5d888a0, 0x00000258b5d89c50, 0x00000258b5d8b690, 0x00000258b5d8a2e0,
0x00000258b5d8b000, 0x00000258b5d8a970, 0x00000258b5d8bd20, 0x00000258d26ce950,
0x00000258d26d1c70, 0x00000258b5d88f30, 0x00000258b5d895c0, 0x00000259180d3650,
0x00000259180d4a00, 0x00000259180d2fc0, 0x00000259180d1c10, 0x00000259180d22a0,
0x00000259180d3ce0, 0x00000259180cfb40, 0x00000259180d01d0, 0x00000259180d0860,
0x00000259180d4370, 0x00000259180d0ef0
}

Java Threads: ( => current thread )
  0x00000258b5d888a0 JavaThread "main"                              [_thread_blocked, id=5452, stack(0x0000006dd2700000,0x0000006dd2800000) (1024K)]
  0x00000258b5d89c50 JavaThread "Reference Handler"          daemon [_thread_blocked, id=6912, stack(0x0000006dd2f00000,0x0000006dd3000000) (1024K)]
  0x00000258b5d8b690 JavaThread "Finalizer"                  daemon [_thread_blocked, id=1980, stack(0x0000006dd3000000,0x0000006dd3100000) (1024K)]
  0x00000258b5d8a2e0 JavaThread "Signal Dispatcher"          daemon [_thread_blocked, id=8748, stack(0x0000006dd3100000,0x0000006dd3200000) (1024K)]
  0x00000258b5d8b000 JavaThread "Attach Listener"            daemon [_thread_blocked, id=5972, stack(0x0000006dd3200000,0x0000006dd3300000) (1024K)]
  0x00000258b5d8a970 JavaThread "Service Thread"             daemon [_thread_blocked, id=8696, stack(0x0000006dd3300000,0x0000006dd3400000) (1024K)]
  0x00000258b5d8bd20 JavaThread "Monitor Deflation Thread"   daemon [_thread_blocked, id=2424, stack(0x0000006dd3400000,0x0000006dd3500000) (1024K)]
  0x00000258d26ce950 JavaThread "C2 CompilerThread0"         daemon [_thread_blocked, id=1736, stack(0x0000006dd3500000,0x0000006dd3600000) (1024K)]
  0x00000258d26d1c70 JavaThread "C1 CompilerThread0"         daemon [_thread_blocked, id=7736, stack(0x0000006dd3600000,0x0000006dd3700000) (1024K)]
  0x00000258b5d88f30 JavaThread "Common-Cleaner"             daemon [_thread_blocked, id=8528, stack(0x0000006dd3700000,0x0000006dd3800000) (1024K)]
  0x00000258b5d895c0 JavaThread "Monitor Ctrl-Break"         daemon [_thread_in_native, id=6324, stack(0x0000006dd3800000,0x0000006dd3900000) (1024K)]
  0x00000259180d3650 JavaThread "Notification Thread"        daemon [_thread_blocked, id=7120, stack(0x0000006dd3900000,0x0000006dd3a00000) (1024K)]
  0x00000259180d4a00 JavaThread "QuantumRenderer-0"          daemon [_thread_blocked, id=1152, stack(0x0000006dd3c00000,0x0000006dd3d00000) (1024K)]
  0x00000259180d2fc0 JavaThread "InvokeLaterDispatcher"      daemon [_thread_blocked, id=1032, stack(0x0000006dd3f00000,0x0000006dd4000000) (1024K)]
  0x00000259180d1c10 JavaThread "JavaFX Application Thread"         [_thread_in_native, id=364, stack(0x0000006dd4000000,0x0000006dd4100000) (1024K)]
  0x00000259180d22a0 JavaThread "Thread-1"                   daemon [_thread_in_native, id=1928, stack(0x0000006dd4500000,0x0000006dd4600000) (1024K)]
  0x00000259180d3ce0 JavaThread "JavaFX-Launcher"                   [_thread_blocked, id=1460, stack(0x0000006dd4600000,0x0000006dd4700000) (1024K)]
  0x00000259180cfb40 JavaThread "Prism Font Disposer"        daemon [_thread_blocked, id=7148, stack(0x0000006dd4900000,0x0000006dd4a00000) (1024K)]
  0x00000259180d01d0 JavaThread "Cleaner-0"                  daemon [_thread_blocked, id=4116, stack(0x0000006dd4b00000,0x0000006dd4c00000) (1024K)]
  0x00000259180d0860 JavaThread "mysql-cj-abandoned-connection-cleanup" daemon [_thread_blocked, id=8344, stack(0x0000006dd4d00000,0x0000006dd4e00000) (1024K)]
  0x00000259180d4370 JavaThread "SIGINT handler"             daemon [_thread_blocked, id=2388, stack(0x0000006dd2400000,0x0000006dd2500000) (1024K)]
  0x00000259180d0ef0 JavaThread "Glass/Prism Shutdown Hook"         [_thread_blocked, id=6076, stack(0x0000006dd2500000,0x0000006dd2600000) (1024K)]
Total: 22

Other Threads:
=>0x00000258b5e449a0 VMThread "VM Thread"                           [id=3748, stack(0x0000006dd2e00000,0x0000006dd2f00000) (1024K)]
  0x00000258b5dc4340 WorkerThread "GC Thread#0"                     [id=6292, stack(0x0000006dd2800000,0x0000006dd2900000) (1024K)]
  0x0000025918038a70 WorkerThread "GC Thread#1"                     [id=728, stack(0x0000006dd3a00000,0x0000006dd3b00000) (1024K)]
  0x00000259180a2c10 WorkerThread "GC Thread#2"                     [id=7716, stack(0x0000006dd3b00000,0x0000006dd3c00000) (1024K)]
  0x00000259186983f0 WorkerThread "GC Thread#3"                     [id=5596, stack(0x0000006dd4700000,0x0000006dd4800000) (1024K)]
  0x00000258b5dcc160 ConcurrentGCThread "G1 Main Marker"            terminated
  0x00000258b5dcce10 WorkerThread "G1 Conc#0"                       [id=5660, stack(0x0000006dd2a00000,0x0000006dd2b00000) (1024K)]
  0x00000258b5e1dec0 ConcurrentGCThread "G1 Refine#0"               terminated
  0x00000258b5e1ebe0 ConcurrentGCThread "G1 Service"                terminated
Total: 9

Threads with active compile tasks:
C1 CompilerThread0   255875 3892       3       java.util.LinkedList$ListItr::next (56 bytes)
Total: 1

VM state: at safepoint (shutting down)

VM Mutex/Monitor currently owned by a thread:  ([mutex/lock_event])
[0x00007ffec42d8548] Threads_lock - owner thread: 0x00000258b5e449a0
[0x00007ffec42d8648] Heap_lock - owner thread: 0x00000259180d4370

Heap address: 0x00000000c8e00000, size: 882 MB, Compressed Oops mode: 32-bit

CDS archive(s) mapped at: [0x00000258d3000000-0x00000258d3c90000-0x00000258d3c90000), size 13172736, SharedBaseAddress: 0x00000258d3000000, ArchiveRelocationMode: 1.
Compressed class space mapped at: 0x00000258d4000000-0x0000025914000000, reserved size: 1073741824
Narrow klass base: 0x00000258d3000000, Narrow klass shift: 0, Narrow klass range: 0x100000000

GC Precious Log:
 CardTable entry size: 512
 Card Set container configuration: InlinePtr #cards 5 size 8 Array Of Cards #cards 12 size 40 Howl #buckets 4 coarsen threshold 1843 Howl Bitmap #cards 512 size 80 coarsen threshold 460 Card regions per heap region 1 cards per card region 2048
 CPUs: 4 total, 4 available
 Memory: 3522M
 Large Page Support: Disabled
 NUMA Support: Disabled
 Compressed Oops: Enabled (32-bit)
 Heap Region Size: 1M
 Heap Min Capacity: 8M
 Heap Initial Capacity: 56M
 Heap Max Capacity: 882M
 Pre-touch: Disabled
 Parallel Workers: 4
 Concurrent Workers: 1
 Concurrent Refinement Workers: 4
 Periodic GC: Disabled

Heap:
 garbage-first heap   total 51200K, used 27644K [0x00000000c8e00000, 0x0000000100000000)
  region size 1024K, 9 young (9216K), 1 survivors (1024K)
 Metaspace       used 24611K, committed 24960K, reserved 1114112K
  class space    used 3285K, committed 3456K, reserved 1048576K

Heap Regions: E=young(eden), S=young(survivor), O=old, HS=humongous(starts), HC=humongous(continues), CS=collection set, F=free, TAMS=top-at-mark-start, PB=parsable bottom
|   0|0x00000000c8e00000, 0x00000000c8f00000, 0x00000000c8f00000|100%| O|  |TAMS 0x00000000c8e00000| PB 0x00000000c8e00000| Untracked 
|   1|0x00000000c8f00000, 0x00000000c9000000, 0x00000000c9000000|100%| O|  |TAMS 0x00000000c8f00000| PB 0x00000000c8f00000| Untracked 
|   2|0x00000000c9000000, 0x00000000c9100000, 0x00000000c9100000|100%| O|  |TAMS 0x00000000c9000000| PB 0x00000000c9000000| Untracked 
|   3|0x00000000c9100000, 0x00000000c9200000, 0x00000000c9200000|100%| O|Cm|TAMS 0x00000000c9100000| PB 0x00000000c9100000| Complete 
|   4|0x00000000c9200000, 0x00000000c9300000, 0x00000000c9300000|100%| O|  |TAMS 0x00000000c9200000| PB 0x00000000c9200000| Untracked 
|   5|0x00000000c9300000, 0x00000000c9400000, 0x00000000c9400000|100%|HS|  |TAMS 0x00000000c9300000| PB 0x00000000c9300000| Complete 
|   6|0x00000000c9400000, 0x00000000c9500000, 0x00000000c9500000|100%|HC|  |TAMS 0x00000000c9400000| PB 0x00000000c9400000| Complete 
|   7|0x00000000c9500000, 0x00000000c9600000, 0x00000000c9600000|100%| O|  |TAMS 0x00000000c9500000| PB 0x00000000c9500000| Untracked 
|   8|0x00000000c9600000, 0x00000000c9700000, 0x00000000c9700000|100%| O|  |TAMS 0x00000000c9600000| PB 0x00000000c9600000| Untracked 
|   9|0x00000000c9700000, 0x00000000c9800000, 0x00000000c9800000|100%| O|  |TAMS 0x00000000c9700000| PB 0x00000000c9700000| Untracked 
|  10|0x00000000c9800000, 0x00000000c9900000, 0x00000000c9900000|100%| O|  |TAMS 0x00000000c9800000| PB 0x00000000c9800000| Untracked 
|  11|0x00000000c9900000, 0x00000000c9a00000, 0x00000000c9a00000|100%| O|  |TAMS 0x00000000c9900000| PB 0x00000000c9900000| Untracked 
|  12|0x00000000c9a00000, 0x00000000c9aff080, 0x00000000c9b00000| 99%| O|  |TAMS 0x00000000c9a00000| PB 0x00000000c9a00000| Untracked 
|  13|0x00000000c9b00000, 0x00000000c9c00000, 0x00000000c9c00000|100%|HS|  |TAMS 0x00000000c9b00000| PB 0x00000000c9b00000| Complete 
|  14|0x00000000c9c00000, 0x00000000c9d00000, 0x00000000c9d00000|100%|HC|  |TAMS 0x00000000c9c00000| PB 0x00000000c9c00000| Complete 
|  15|0x00000000c9d00000, 0x00000000c9e00000, 0x00000000c9e00000|100%|HC|  |TAMS 0x00000000c9d00000| PB 0x00000000c9d00000| Complete 
|  16|0x00000000c9e00000, 0x00000000c9f00000, 0x00000000c9f00000|100%|HC|  |TAMS 0x00000000c9e00000| PB 0x00000000c9e00000| Complete 
|  17|0x00000000c9f00000, 0x00000000ca000000, 0x00000000ca000000|100%|HC|  |TAMS 0x00000000c9f00000| PB 0x00000000c9f00000| Complete 
|  18|0x00000000ca000000, 0x00000000ca100000, 0x00000000ca100000|100%|HC|  |TAMS 0x00000000ca000000| PB 0x00000000ca000000| Complete 
|  19|0x00000000ca100000, 0x00000000ca100000, 0x00000000ca200000|  0%| F|  |TAMS 0x00000000ca100000| PB 0x00000000ca100000| Untracked 
|  20|0x00000000ca200000, 0x00000000ca200000, 0x00000000ca300000|  0%| F|  |TAMS 0x00000000ca200000| PB 0x00000000ca200000| Untracked 
|  21|0x00000000ca300000, 0x00000000ca300000, 0x00000000ca400000|  0%| F|  |TAMS 0x00000000ca300000| PB 0x00000000ca300000| Untracked 
|  22|0x00000000ca400000, 0x00000000ca400000, 0x00000000ca500000|  0%| F|  |TAMS 0x00000000ca400000| PB 0x00000000ca400000| Untracked 
|  23|0x00000000ca500000, 0x00000000ca500000, 0x00000000ca600000|  0%| F|  |TAMS 0x00000000ca500000| PB 0x00000000ca500000| Untracked 
|  24|0x00000000ca600000, 0x00000000ca600000, 0x00000000ca700000|  0%| F|  |TAMS 0x00000000ca600000| PB 0x00000000ca600000| Untracked 
|  25|0x00000000ca700000, 0x00000000ca700000, 0x00000000ca800000|  0%| F|  |TAMS 0x00000000ca700000| PB 0x00000000ca700000| Untracked 
|  26|0x00000000ca800000, 0x00000000ca800000, 0x00000000ca900000|  0%| F|  |TAMS 0x00000000ca800000| PB 0x00000000ca800000| Untracked 
|  27|0x00000000ca900000, 0x00000000ca900000, 0x00000000caa00000|  0%| F|  |TAMS 0x00000000ca900000| PB 0x00000000ca900000| Untracked 
|  28|0x00000000caa00000, 0x00000000caa00000, 0x00000000cab00000|  0%| F|  |TAMS 0x00000000caa00000| PB 0x00000000caa00000| Untracked 
|  29|0x00000000cab00000, 0x00000000cab00000, 0x00000000cac00000|  0%| F|  |TAMS 0x00000000cab00000| PB 0x00000000cab00000| Untracked 
|  30|0x00000000cac00000, 0x00000000cac00000, 0x00000000cad00000|  0%| F|  |TAMS 0x00000000cac00000| PB 0x00000000cac00000| Untracked 
|  31|0x00000000cad00000, 0x00000000cad00000, 0x00000000cae00000|  0%| F|  |TAMS 0x00000000cad00000| PB 0x00000000cad00000| Untracked 
|  32|0x00000000cae00000, 0x00000000cae00000, 0x00000000caf00000|  0%| F|  |TAMS 0x00000000cae00000| PB 0x00000000cae00000| Untracked 
|  33|0x00000000caf00000, 0x00000000caf00000, 0x00000000cb000000|  0%| F|  |TAMS 0x00000000caf00000| PB 0x00000000caf00000| Untracked 
|  34|0x00000000cb000000, 0x00000000cb000000, 0x00000000cb100000|  0%| F|  |TAMS 0x00000000cb000000| PB 0x00000000cb000000| Untracked 
|  35|0x00000000cb100000, 0x00000000cb100000, 0x00000000cb200000|  0%| F|  |TAMS 0x00000000cb100000| PB 0x00000000cb100000| Untracked 
|  36|0x00000000cb200000, 0x00000000cb200000, 0x00000000cb300000|  0%| F|  |TAMS 0x00000000cb200000| PB 0x00000000cb200000| Untracked 
|  37|0x00000000cb300000, 0x00000000cb300000, 0x00000000cb400000|  0%| F|  |TAMS 0x00000000cb300000| PB 0x00000000cb300000| Untracked 
|  38|0x00000000cb400000, 0x00000000cb400000, 0x00000000cb500000|  0%| F|  |TAMS 0x00000000cb400000| PB 0x00000000cb400000| Untracked 
|  39|0x00000000cb500000, 0x00000000cb500000, 0x00000000cb600000|  0%| F|  |TAMS 0x00000000cb500000| PB 0x00000000cb500000| Untracked 
|  40|0x00000000cb600000, 0x00000000cb600000, 0x00000000cb700000|  0%| F|  |TAMS 0x00000000cb600000| PB 0x00000000cb600000| Untracked 
|  41|0x00000000cb700000, 0x00000000cb748348, 0x00000000cb800000| 28%| E|  |TAMS 0x00000000cb700000| PB 0x00000000cb700000| Complete 
|  42|0x00000000cb800000, 0x00000000cb900000, 0x00000000cb900000|100%| E|CS|TAMS 0x00000000cb800000| PB 0x00000000cb800000| Complete 
|  43|0x00000000cb900000, 0x00000000cba00000, 0x00000000cba00000|100%| E|CS|TAMS 0x00000000cb900000| PB 0x00000000cb900000| Complete 
|  44|0x00000000cba00000, 0x00000000cbb00000, 0x00000000cbb00000|100%| E|CS|TAMS 0x00000000cba00000| PB 0x00000000cba00000| Complete 
|  45|0x00000000cbb00000, 0x00000000cbc00000, 0x00000000cbc00000|100%| E|CS|TAMS 0x00000000cbb00000| PB 0x00000000cbb00000| Complete 
|  46|0x00000000cbc00000, 0x00000000cbd00000, 0x00000000cbd00000|100%| E|CS|TAMS 0x00000000cbc00000| PB 0x00000000cbc00000| Complete 
|  47|0x00000000cbd00000, 0x00000000cbe00000, 0x00000000cbe00000|100%| E|CS|TAMS 0x00000000cbd00000| PB 0x00000000cbd00000| Complete 
|  52|0x00000000cc200000, 0x00000000cc300000, 0x00000000cc300000|100%| S|CS|TAMS 0x00000000cc200000| PB 0x00000000cc200000| Complete 
|  55|0x00000000cc500000, 0x00000000cc600000, 0x00000000cc600000|100%| E|CS|TAMS 0x00000000cc500000| PB 0x00000000cc500000| Complete 

Card table byte_map: [0x00000258cf1b0000,0x00000258cf370000] _byte_map_base: 0x00000258ceb69000

Marking Bits: (CMBitMap*) 0x00000258b5dc4a40
 Bits: [0x00000258cf370000, 0x00000258d0138000)

Polling page: 0x00000258b5e60000

Metaspace:

Usage:
  Non-class:     20.83 MB used.
      Class:      3.21 MB used.
       Both:     24.03 MB used.

Virtual space:
  Non-class space:       64.00 MB reserved,      21.00 MB ( 33%) committed,  1 nodes.
      Class space:        1.00 GB reserved,       3.38 MB ( <1%) committed,  1 nodes.
             Both:        1.06 GB reserved,      24.38 MB (  2%) committed. 

Chunk freelists:
   Non-Class:  10.28 MB
       Class:  12.62 MB
        Both:  22.90 MB

MaxMetaspaceSize: unlimited
CompressedClassSpaceSize: 1.00 GB
Initial GC threshold: 21.00 MB
Current GC threshold: 35.12 MB
CDS: on
 - commit_granule_bytes: 65536.
 - commit_granule_words: 8192.
 - virtual_space_node_default_size: 8388608.
 - enlarge_chunks_in_place: 1.
 - use_allocation_guard: 0.


Internal statistics:

num_allocs_failed_limit: 3.
num_arena_births: 350.
num_arena_deaths: 0.
num_vsnodes_births: 2.
num_vsnodes_deaths: 0.
num_space_committed: 390.
num_space_uncommitted: 0.
num_chunks_returned_to_freelist: 3.
num_chunks_taken_from_freelist: 995.
num_chunk_merges: 0.
num_chunk_splits: 704.
num_chunks_enlarged: 549.
num_inconsistent_stats: 0.

CodeHeap 'non-profiled nmethods': size=120000Kb used=1379Kb max_used=1379Kb free=118621Kb
 bounds [0x00000258c7490000, 0x00000258c7700000, 0x00000258ce9c0000]
CodeHeap 'profiled nmethods': size=120000Kb used=7434Kb max_used=7434Kb free=112565Kb
 bounds [0x00000258bf9c0000, 0x00000258c0110000, 0x00000258c6ef0000]
CodeHeap 'non-nmethods': size=5760Kb used=1916Kb max_used=1954Kb free=3844Kb
 bounds [0x00000258c6ef0000, 0x00000258c7160000, 0x00000258c7490000]
 total_blobs=4790 nmethods=3890 adapters=802
 compilation: enabled
              stopped_count=0, restarted_count=0
 full_count=0

Compilation events (20 events):
Event: 221.335 Thread 0x00000258d26ce950 3883       4       javafx.scene.Node::getLocalBounds (162 bytes)
Event: 221.338 Thread 0x00000258d26d1c70 nmethod 3882 0x00000258c0100010 code [0x00000258c0100320, 0x00000258c0101af0]
Event: 221.354 Thread 0x00000258d26ce950 nmethod 3883 0x00000258c75e3490 code [0x00000258c75e3760, 0x00000258c75e4098]
Event: 221.520 Thread 0x00000258d26ce950 3884       4       com.sun.glass.ui.Application::checkEventThread (35 bytes)
Event: 221.521 Thread 0x00000258d26ce950 nmethod 3884 0x00000258c75e4890 code [0x00000258c75e4a20, 0x00000258c75e4ac0]
Event: 221.699 Thread 0x00000258d26ce950 3885       4       com.sun.javafx.geom.PickRay::setOrigin (12 bytes)
Event: 221.700 Thread 0x00000258d26ce950 nmethod 3885 0x00000258c75e4b90 code [0x00000258c75e4d20, 0x00000258c75e4de0]
Event: 221.713 Thread 0x00000258d26ce950 3886       4       com.sun.javafx.geom.PickRay::setDirection (12 bytes)
Event: 221.714 Thread 0x00000258d26ce950 nmethod 3886 0x00000258c75e4e90 code [0x00000258c75e5020, 0x00000258c75e50e0]
Event: 221.720 Thread 0x00000258d26ce950 3887       4       com.sun.javafx.event.EventHandlerManager::dispatchBubblingEvent (41 bytes)
Event: 221.731 Thread 0x00000258d26ce950 nmethod 3887 0x00000258c75e5190 code [0x00000258c75e5380, 0x00000258c75e57d8]
Event: 221.892 Thread 0x00000258d26ce950 3888   !   4       javafx.scene.Node::intersectsBounds (1005 bytes)
Event: 221.945 Thread 0x00000258d26ce950 nmethod 3888 0x00000258c75e5c10 code [0x00000258c75e5f40, 0x00000258c75e71b0]
Event: 233.012 Thread 0x00000258d26d1c70 3889       3       java.util.concurrent.locks.LockSupport::setBlocker (12 bytes)
Event: 233.012 Thread 0x00000258d26d1c70 nmethod 3889 0x00000258c0102110 code [0x00000258c01022c0, 0x00000258c01024c0]
Event: 253.054 Thread 0x00000258d26d1c70 3890       3       jdk.internal.loader.BuiltinClassLoader::hasClassPath (13 bytes)
Event: 253.055 Thread 0x00000258d26d1c70 nmethod 3890 0x00000258c0102590 code [0x00000258c0102720, 0x00000258c0102890]
Event: 255.077 Thread 0x00000258d26d1c70 3891       1       java.util.logging.LogManager$LoggerContext::getOwner (5 bytes)
Event: 255.077 Thread 0x00000258d26d1c70 nmethod 3891 0x00000258c75e8910 code [0x00000258c75e8aa0, 0x00000258c75e8b68]
Event: 255.081 Thread 0x00000258d26d1c70 3892       3       java.util.LinkedList$ListItr::next (56 bytes)

GC Heap History (10 events):
Event: 0.868 GC heap before
{Heap before GC invocations=0 (full 0):
 garbage-first heap   total 57344K, used 13312K [0x00000000c8e00000, 0x0000000100000000)
  region size 1024K, 13 young (13312K), 0 survivors (0K)
 Metaspace       used 1170K, committed 1344K, reserved 1114112K
  class space    used 91K, committed 192K, reserved 1048576K
}
Event: 0.874 GC heap after
{Heap after GC invocations=1 (full 0):
 garbage-first heap   total 57344K, used 1408K [0x00000000c8e00000, 0x0000000100000000)
  region size 1024K, 2 young (2048K), 2 survivors (2048K)
 Metaspace       used 1170K, committed 1344K, reserved 1114112K
  class space    used 91K, committed 192K, reserved 1048576K
}
Event: 2.382 GC heap before
{Heap before GC invocations=1 (full 0):
 garbage-first heap   total 57344K, used 19840K [0x00000000c8e00000, 0x0000000100000000)
  region size 1024K, 21 young (21504K), 2 survivors (2048K)
 Metaspace       used 6517K, committed 6784K, reserved 1114112K
  class space    used 738K, committed 832K, reserved 1048576K
}
Event: 2.392 GC heap after
{Heap after GC invocations=2 (full 0):
 garbage-first heap   total 57344K, used 4362K [0x00000000c8e00000, 0x0000000100000000)
  region size 1024K, 3 young (3072K), 3 survivors (3072K)
 Metaspace       used 6517K, committed 6784K, reserved 1114112K
  class space    used 738K, committed 832K, reserved 1048576K
}
Event: 3.509 GC heap before
{Heap before GC invocations=2 (full 0):
 garbage-first heap   total 57344K, used 29962K [0x00000000c8e00000, 0x0000000100000000)
  region size 1024K, 29 young (29696K), 3 survivors (3072K)
 Metaspace       used 11563K, committed 11904K, reserved 1114112K
  class space    used 1585K, committed 1728K, reserved 1048576K
}
Event: 3.519 GC heap after
{Heap after GC invocations=3 (full 0):
 garbage-first heap   total 57344K, used 7471K [0x00000000c8e00000, 0x0000000100000000)
  region size 1024K, 3 young (3072K), 3 survivors (3072K)
 Metaspace       used 11563K, committed 11904K, reserved 1114112K
  class space    used 1585K, committed 1728K, reserved 1048576K
}
Event: 18.412 GC heap before
{Heap before GC invocations=3 (full 0):
 garbage-first heap   total 57344K, used 39215K [0x00000000c8e00000, 0x0000000100000000)
  region size 1024K, 33 young (33792K), 3 survivors (3072K)
 Metaspace       used 18978K, committed 19328K, reserved 1114112K
  class space    used 2614K, committed 2752K, reserved 1048576K
}
Event: 18.428 GC heap after
{Heap after GC invocations=4 (full 0):
 garbage-first heap   total 57344K, used 13312K [0x00000000c8e00000, 0x0000000100000000)
  region size 1024K, 4 young (4096K), 4 survivors (4096K)
 Metaspace       used 18978K, committed 19328K, reserved 1114112K
  class space    used 2614K, committed 2752K, reserved 1048576K
}
Event: 18.802 GC heap before
{Heap before GC invocations=4 (full 0):
 garbage-first heap   total 57344K, used 15360K [0x00000000c8e00000, 0x0000000100000000)
  region size 1024K, 7 young (7168K), 4 survivors (4096K)
 Metaspace       used 21185K, committed 21504K, reserved 1114112K
  class space    used 2860K, committed 3008K, reserved 1048576K
}
Event: 18.812 GC heap after
{Heap after GC invocations=5 (full 0):
 garbage-first heap   total 57344K, used 14332K [0x00000000c8e00000, 0x0000000100000000)
  region size 1024K, 1 young (1024K), 1 survivors (1024K)
 Metaspace       used 21185K, committed 21504K, reserved 1114112K
  class space    used 2860K, committed 3008K, reserved 1048576K
}

Dll operation events (20 events):
Event: 1.391 Loaded shared library C:\Users\Ёлиза\.openjfx\cache\21-ea+null\amd64\api-ms-win-crt-math-l1-1-0.dll
Event: 1.399 Loaded shared library C:\Users\Ёлиза\.openjfx\cache\21-ea+null\amd64\api-ms-win-crt-multibyte-l1-1-0.dll
Event: 1.410 Loaded shared library C:\Users\Ёлиза\.openjfx\cache\21-ea+null\amd64\api-ms-win-crt-private-l1-1-0.dll
Event: 1.418 Loaded shared library C:\Users\Ёлиза\.openjfx\cache\21-ea+null\amd64\api-ms-win-crt-process-l1-1-0.dll
Event: 1.425 Loaded shared library C:\Users\Ёлиза\.openjfx\cache\21-ea+null\amd64\api-ms-win-crt-runtime-l1-1-0.dll
Event: 1.431 Loaded shared library C:\Users\Ёлиза\.openjfx\cache\21-ea+null\amd64\api-ms-win-crt-stdio-l1-1-0.dll
Event: 1.438 Loaded shared library C:\Users\Ёлиза\.openjfx\cache\21-ea+null\amd64\api-ms-win-crt-string-l1-1-0.dll
Event: 1.446 Loaded shared library C:\Users\Ёлиза\.openjfx\cache\21-ea+null\amd64\api-ms-win-crt-time-l1-1-0.dll
Event: 1.453 Loaded shared library C:\Users\Ёлиза\.openjfx\cache\21-ea+null\amd64\api-ms-win-crt-utility-l1-1-0.dll
Event: 1.494 Loaded shared library C:\Users\Ёлиза\.openjfx\cache\21-ea+null\amd64\ucrtbase.dll
Event: 1.507 Loaded shared library C:\Users\Ёлиза\.openjfx\cache\21-ea+null\amd64\vcruntime140.dll
Event: 1.515 Loaded shared library C:\Users\Ёлиза\.openjfx\cache\21-ea+null\amd64\vcruntime140_1.dll
Event: 1.539 Loaded shared library C:\Users\Ёлиза\.openjfx\cache\21-ea+null\amd64\msvcp140.dll
Event: 1.548 Loaded shared library C:\Users\Ёлиза\.openjfx\cache\21-ea+null\amd64\msvcp140_1.dll
Event: 1.564 Loaded shared library C:\Users\Ёлиза\.openjfx\cache\21-ea+null\amd64\msvcp140_2.dll
Event: 1.666 Loaded shared library C:\Users\Ёлиза\.openjfx\cache\21-ea+null\amd64\prism_d3d.dll
Event: 1.804 Loaded shared library C:\Users\Ёлиза\.openjfx\cache\21-ea+null\amd64\glass.dll
Event: 2.186 Loaded shared library D:\Program Files\Java\jdk-21\bin\jimage.dll
Event: 2.680 Loaded shared library C:\Users\Ёлиза\.openjfx\cache\21-ea+null\amd64\javafx_font.dll
Event: 18.842 Loaded shared library D:\Program Files\Java\jdk-21\bin\sunmscapi.dll

Deoptimization events (20 events):
Event: 19.701 Thread 0x00000259180d1c10 Uncommon trap: trap_request=0xffffffde fr.pc=0x00000258c74dda9c relative=0x000000000000077c
Event: 19.701 Thread 0x00000259180d1c10 Uncommon trap: reason=class_check action=maybe_recompile pc=0x00000258c74dda9c method=java.util.zip.InflaterInputStream.read([BII)I @ 78 c2
Event: 19.701 Thread 0x00000259180d1c10 DEOPT PACKING pc=0x00000258c74dda9c sp=0x0000006dd40f9eb0
Event: 19.701 Thread 0x00000259180d1c10 DEOPT UNPACKING pc=0x00000258c6f446a2 sp=0x0000006dd40f9e90 mode 2
Event: 19.702 Thread 0x00000259180d1c10 Uncommon trap: trap_request=0xffffffde fr.pc=0x00000258c74dda9c relative=0x000000000000077c
Event: 19.702 Thread 0x00000259180d1c10 Uncommon trap: reason=class_check action=maybe_recompile pc=0x00000258c74dda9c method=java.util.zip.InflaterInputStream.read([BII)I @ 78 c2
Event: 19.702 Thread 0x00000259180d1c10 DEOPT PACKING pc=0x00000258c74dda9c sp=0x0000006dd40f9e30
Event: 19.702 Thread 0x00000259180d1c10 DEOPT UNPACKING pc=0x00000258c6f446a2 sp=0x0000006dd40f9e10 mode 2
Event: 19.702 Thread 0x00000259180d1c10 Uncommon trap: trap_request=0xffffffde fr.pc=0x00000258c74dda9c relative=0x000000000000077c
Event: 19.702 Thread 0x00000259180d1c10 Uncommon trap: reason=class_check action=maybe_recompile pc=0x00000258c74dda9c method=java.util.zip.InflaterInputStream.read([BII)I @ 78 c2
Event: 19.702 Thread 0x00000259180d1c10 DEOPT PACKING pc=0x00000258c74dda9c sp=0x0000006dd40f9e30
Event: 19.702 Thread 0x00000259180d1c10 DEOPT UNPACKING pc=0x00000258c6f446a2 sp=0x0000006dd40f9e10 mode 2
Event: 19.702 Thread 0x00000259180d1c10 Uncommon trap: trap_request=0xffffffde fr.pc=0x00000258c74dda9c relative=0x000000000000077c
Event: 19.702 Thread 0x00000259180d1c10 Uncommon trap: reason=class_check action=maybe_recompile pc=0x00000258c74dda9c method=java.util.zip.InflaterInputStream.read([BII)I @ 78 c2
Event: 19.702 Thread 0x00000259180d1c10 DEOPT PACKING pc=0x00000258c74dda9c sp=0x0000006dd40f9e30
Event: 19.702 Thread 0x00000259180d1c10 DEOPT UNPACKING pc=0x00000258c6f446a2 sp=0x0000006dd40f9e10 mode 2
Event: 19.850 Thread 0x00000259180d1c10 Uncommon trap: trap_request=0xffffff3d fr.pc=0x00000258c7588c14 relative=0x0000000000002994
Event: 19.850 Thread 0x00000259180d1c10 Uncommon trap: reason=unstable_fused_if action=reinterpret pc=0x00000258c7588c14 method=java.util.HashMap.tableSizeFor(I)I @ 10 c2
Event: 19.850 Thread 0x00000259180d1c10 DEOPT PACKING pc=0x00000258c7588c14 sp=0x0000006dd40f9df0
Event: 19.850 Thread 0x00000259180d1c10 DEOPT UNPACKING pc=0x00000258c6f446a2 sp=0x0000006dd40f9c68 mode 2

Classes loaded (20 events):
Event: 19.349 Loading class sun/invoke/util/VerifyAccess$1
Event: 19.349 Loading class sun/invoke/util/VerifyAccess$1 done
Event: 19.362 Loading class sun/security/ssl/PostHandshakeContext
Event: 19.363 Loading class sun/security/ssl/PostHandshakeContext done
Event: 19.363 Loading class sun/security/ssl/NewSessionTicket$T13NewSessionTicketMessage
Event: 19.363 Loading class sun/security/ssl/NewSessionTicket$NewSessionTicketMessage
Event: 19.363 Loading class sun/security/ssl/NewSessionTicket$NewSessionTicketMessage done
Event: 19.364 Loading class sun/security/ssl/NewSessionTicket$T13NewSessionTicketMessage done
Event: 19.421 Loading class java/util/TimerTask
Event: 19.421 Loading class java/util/TimerTask done
Event: 19.506 Loading class java/time/format/DateTimeParseException
Event: 19.506 Loading class java/time/DateTimeException
Event: 19.506 Loading class java/time/DateTimeException done
Event: 19.506 Loading class java/time/format/DateTimeParseException done
Event: 19.562 Loading class java/util/RegularEnumSet$EnumSetIterator
Event: 19.562 Loading class java/util/RegularEnumSet$EnumSetIterator done
Event: 19.651 Loading class java/io/SequenceInputStream
Event: 19.651 Loading class java/io/SequenceInputStream done
Event: 255.075 Loading class jdk/internal/misc/Signal$1
Event: 255.075 Loading class jdk/internal/misc/Signal$1 done

Classes unloaded (0 events):
No events

Classes redefined (0 events):
No events

Internal exceptions (20 events):
Event: 3.903 Thread 0x00000259180d1c10 Exception <a 'java/lang/NoSuchMethodError'{0x00000000cbbfb308}: 'java.lang.Object java.lang.invoke.DirectMethodHandle$Holder.newInvokeSpecial(java.lang.Object, java.lang.Object, int)'> (0x00000000cbbfb308) 
thrown [s\open\src\hotspot\share\interpreter\linkResolver.cpp, line 773]
Event: 3.986 Thread 0x00000259180d4a00 Exception <a 'java/lang/NoSuchMethodError'{0x00000000cbade638}: 'int java.lang.invoke.DirectMethodHandle$Holder.invokeStaticInit(java.lang.Object, java.lang.Object)'> (0x00000000cbade638) 
thrown [s\open\src\hotspot\share\interpreter\linkResolver.cpp, line 773]
Event: 3.993 Thread 0x00000259180d1c10 Exception <a 'java/lang/NoSuchMethodError'{0x00000000cbab34e8}: 'long java.lang.invoke.DirectMethodHandle$Holder.invokeStatic(java.lang.Object, java.lang.Object, java.lang.Object)'> (0x00000000cbab34e8) 
thrown [s\open\src\hotspot\share\interpreter\linkResolver.cpp, line 773]
Event: 3.994 Thread 0x00000259180d1c10 Exception <a 'java/lang/NoSuchMethodError'{0x00000000cbab68b8}: 'long java.lang.invoke.DirectMethodHandle$Holder.invokeStaticInit(java.lang.Object, java.lang.Object, java.lang.Object)'> (0x00000000cbab68b8) 
thrown [s\open\src\hotspot\share\interpreter\linkResolver.cpp, line 773]
Event: 3.997 Thread 0x00000259180d1c10 Exception <a 'java/lang/NoSuchMethodError'{0x00000000cbacaeb0}: 'java.lang.Object java.lang.invoke.DirectMethodHandle$Holder.newInvokeSpecial(java.lang.Object, java.lang.Object, long)'> (0x00000000cbacaeb0) 
thrown [s\open\src\hotspot\share\interpreter\linkResolver.cpp, line 773]
Event: 3.997 Thread 0x00000259180d1c10 Exception <a 'java/lang/NoSuchMethodError'{0x00000000cbace7a8}: 'java.lang.Object java.lang.invoke.Invokers$Holder.linkToTargetMethod(java.lang.Object, long, java.lang.Object)'> (0x00000000cbace7a8) 
thrown [s\open\src\hotspot\share\interpreter\linkResolver.cpp, line 773]
Event: 4.263 Thread 0x00000258b5d8b000 Exception <a 'sun/nio/fs/WindowsException'{0x00000000cb41c2f0}> (0x00000000cb41c2f0) 
thrown [s\open\src\hotspot\share\prims\jni.cpp, line 520]
Event: 6.960 Thread 0x00000259180d1c10 Exception <a 'java/io/FileNotFoundException'{0x00000000cb118658}> (0x00000000cb118658) 
thrown [s\open\src\hotspot\share\prims\jni.cpp, line 520]
Event: 17.981 Thread 0x00000259180d1c10 Exception <a 'sun/nio/fs/WindowsException'{0x00000000caea3668}> (0x00000000caea3668) 
thrown [s\open\src\hotspot\share\prims\jni.cpp, line 520]
Event: 18.044 Thread 0x00000259180d1c10 Exception <a 'java/lang/NoSuchMethodError'{0x00000000cad633e8}: 'java.lang.Object java.lang.invoke.DirectMethodHandle$Holder.invokeInterface(java.lang.Object, java.lang.Object)'> (0x00000000cad633e8) 
thrown [s\open\src\hotspot\share\interpreter\linkResolver.cpp, line 773]
Event: 18.049 Thread 0x00000259180d1c10 Exception <a 'sun/nio/fs/WindowsException'{0x00000000cad6cdf8}> (0x00000000cad6cdf8) 
thrown [s\open\src\hotspot\share\prims\jni.cpp, line 520]
Event: 18.051 Thread 0x00000259180d1c10 Exception <a 'sun/nio/fs/WindowsException'{0x00000000cad6f358}> (0x00000000cad6f358) 
thrown [s\open\src\hotspot\share\prims\jni.cpp, line 520]
Event: 18.074 Thread 0x00000259180d1c10 Exception <a 'sun/nio/fs/WindowsException'{0x00000000cadcc678}> (0x00000000cadcc678) 
thrown [s\open\src\hotspot\share\prims\jni.cpp, line 520]
Event: 18.075 Thread 0x00000259180d1c10 Exception <a 'sun/nio/fs/WindowsException'{0x00000000cadcf038}> (0x00000000cadcf038) 
thrown [s\open\src\hotspot\share\prims\jni.cpp, line 520]
Event: 18.263 Thread 0x00000259180d1c10 Exception <a 'sun/nio/fs/WindowsException'{0x00000000caad5f00}> (0x00000000caad5f00) 
thrown [s\open\src\hotspot\share\prims\jni.cpp, line 520]
Event: 18.467 Thread 0x00000259180d1c10 Exception <a 'sun/nio/fs/WindowsException'{0x00000000cc589888}> (0x00000000cc589888) 
thrown [s\open\src\hotspot\share\prims\jni.cpp, line 520]
Event: 18.572 Thread 0x00000259180d1c10 Exception <a 'sun/nio/fs/WindowsException'{0x00000000cc492c30}> (0x00000000cc492c30) 
thrown [s\open\src\hotspot\share\prims\jni.cpp, line 520]
Event: 18.582 Thread 0x00000259180d1c10 Exception <a 'sun/nio/fs/WindowsException'{0x00000000cc4a3938}> (0x00000000cc4a3938) 
thrown [s\open\src\hotspot\share\prims\jni.cpp, line 520]
Event: 18.718 Thread 0x00000259180d1c10 Exception <a 'java/lang/NoSuchMethodError'{0x00000000cc33f988}: 'java.lang.Object java.lang.invoke.DirectMethodHandle$Holder.invokeStaticInit(java.lang.Object, int, int, int, int)'> (0x00000000cc33f988) 
thrown [s\open\src\hotspot\share\interpreter\linkResolver.cpp, line 773]
Event: 18.743 Thread 0x00000259180d1c10 Exception <a 'java/lang/NoSuchMethodError'{0x00000000cc382f78}: 'java.lang.Object java.lang.invoke.DirectMethodHandle$Holder.invokeStaticInit(java.lang.Object, java.lang.Object, int, int, int, int)'> (0x00000000cc382f78) 
thrown [s\open\src\hotspot\share\interpreter\linkResolver.cpp, line 773]

ZGC Phase Switch (0 events):
No events

VM Operations (20 events):
Event: 18.876 Executing VM operation: G1PauseCleanup done
Event: 19.277 Executing VM operation: HandshakeAllThreads (Deoptimize)
Event: 19.277 Executing VM operation: HandshakeAllThreads (Deoptimize) done
Event: 20.277 Executing VM operation: Cleanup
Event: 20.277 Executing VM operation: Cleanup done
Event: 28.280 Executing VM operation: Cleanup
Event: 28.280 Executing VM operation: Cleanup done
Event: 37.283 Executing VM operation: Cleanup
Event: 37.284 Executing VM operation: Cleanup done
Event: 41.284 Executing VM operation: Cleanup
Event: 41.284 Executing VM operation: Cleanup done
Event: 47.284 Executing VM operation: Cleanup
Event: 47.284 Executing VM operation: Cleanup done
Event: 60.075 Executing VM operation: HandshakeAllThreads (HandshakeForDeflation)
Event: 60.075 Executing VM operation: HandshakeAllThreads (HandshakeForDeflation) done
Event: 60.075 Executing VM operation: RendezvousGCThreads
Event: 60.075 Executing VM operation: RendezvousGCThreads done
Event: 222.099 Executing VM operation: Cleanup
Event: 222.099 Executing VM operation: Cleanup done
Event: 255.082 Executing VM operation: Exit

Events (20 events):
Event: 0.156 Thread 0x00000258b5d8b000 Thread added: 0x00000258b5d8b000
Event: 0.156 Thread 0x00000258b5d8a970 Thread added: 0x00000258b5d8a970
Event: 0.156 Thread 0x00000258b5d8bd20 Thread added: 0x00000258b5d8bd20
Event: 0.156 Thread 0x00000258d26ce950 Thread added: 0x00000258d26ce950
Event: 0.158 Thread 0x00000258d26d1c70 Thread added: 0x00000258d26d1c70
Event: 0.316 Thread 0x00000258b5d88f30 Thread added: 0x00000258b5d88f30
Event: 0.861 Thread 0x00000258b5d895c0 Thread added: 0x00000258b5d895c0
Event: 0.862 Thread 0x00000259180d3650 Thread added: 0x00000259180d3650
Event: 1.640 Thread 0x00000259180d4a00 Thread added: 0x00000259180d4a00
Event: 1.807 Thread 0x00000259180d2fc0 Thread added: 0x00000259180d2fc0
Event: 1.813 Thread 0x00000259180d1c10 Thread added: 0x00000259180d1c10
Event: 2.070 Thread 0x00000259180d22a0 Thread added: 0x00000259180d22a0
Event: 2.106 Thread 0x00000259180d3ce0 Thread added: 0x00000259180d3ce0
Event: 3.527 Thread 0x00000259180cfb40 Thread added: 0x00000259180cfb40
Event: 4.089 Thread 0x00000259180d01d0 Thread added: 0x00000259180d01d0
Event: 17.976 Thread 0x00000259180d0860 Thread added: 0x00000259180d0860
Event: 255.076 Thread 0x00000259180d4370 Thread added: 0x00000259180d4370
Event: 255.077 Thread 0x00000259180d0ef0 Thread added: 0x00000259180d0ef0
Event: 255.077 Thread 0x00000259180d1580 Thread added: 0x00000259180d1580
Event: 255.079 Thread 0x00000259180d1580 Thread exited: 0x00000259180d1580


Dynamic libraries:
0x00007ff7ef170000 - 0x00007ff7ef180000 	D:\Program Files\Java\jdk-21\bin\java.exe
0x00007fff1d8d0000 - 0x00007fff1dac8000 	C:\Windows\SYSTEM32\ntdll.dll
0x00007fff1cfd0000 - 0x00007fff1d08d000 	C:\Windows\System32\KERNEL32.DLL
0x00007fff1afb0000 - 0x00007fff1b2a6000 	C:\Windows\System32\KERNELBASE.dll
0x00007fff1b320000 - 0x00007fff1b420000 	C:\Windows\System32\ucrtbase.dll
0x00007ffefa470000 - 0x00007ffefa489000 	D:\Program Files\Java\jdk-21\bin\jli.dll
0x00007fff1c8d0000 - 0x00007fff1c97f000 	C:\Windows\System32\ADVAPI32.dll
0x00007fff1d3b0000 - 0x00007fff1d44e000 	C:\Windows\System32\msvcrt.dll
0x00007ffefa450000 - 0x00007ffefa46b000 	D:\Program Files\Java\jdk-21\bin\VCRUNTIME140.dll
0x00007fff1c6f0000 - 0x00007fff1c78c000 	C:\Windows\System32\sechost.dll
0x00007fff1c7a0000 - 0x00007fff1c8c6000 	C:\Windows\System32\RPCRT4.dll
0x00007fff1d100000 - 0x00007fff1d29e000 	C:\Windows\System32\USER32.dll
0x00007fff1b8d0000 - 0x00007fff1b8f2000 	C:\Windows\System32\win32u.dll
0x00007fff1d2a0000 - 0x00007fff1d2cc000 	C:\Windows\System32\GDI32.dll
0x00007fff1b6d0000 - 0x00007fff1b7ea000 	C:\Windows\System32\gdi32full.dll
0x00007fff1b580000 - 0x00007fff1b61d000 	C:\Windows\System32\msvcp_win.dll
0x00007fff1a5e0000 - 0x00007fff1a87a000 	C:\Windows\WinSxS\amd64_microsoft.windows.common-controls_6595b64144ccf1df_6.0.19041.3636_none_60b6a03d71f818d5\COMCTL32.dll
0x00007fff11f30000 - 0x00007fff11f3a000 	C:\Windows\SYSTEM32\VERSION.dll
0x00007fff1ca90000 - 0x00007fff1cac0000 	C:\Windows\System32\IMM32.DLL
0x00007fff0abc0000 - 0x00007fff0abcc000 	D:\Program Files\Java\jdk-21\bin\vcruntime140_1.dll
0x00007ffef3970000 - 0x00007ffef39fe000 	D:\Program Files\Java\jdk-21\bin\msvcp140.dll
0x00007ffec36a0000 - 0x00007ffec43b3000 	D:\Program Files\Java\jdk-21\bin\server\jvm.dll
0x00007fff1d090000 - 0x00007fff1d0fb000 	C:\Windows\System32\WS2_32.dll
0x00007fff1ae10000 - 0x00007fff1ae5b000 	C:\Windows\SYSTEM32\POWRPROF.dll
0x00007fff0f5f0000 - 0x00007fff0f617000 	C:\Windows\SYSTEM32\WINMM.dll
0x00007fff1adf0000 - 0x00007fff1ae02000 	C:\Windows\SYSTEM32\UMPDC.dll
0x00007fff18070000 - 0x00007fff18082000 	C:\Windows\SYSTEM32\kernel.appcore.dll
0x00007fff07e20000 - 0x00007fff07e2a000 	D:\Program Files\Java\jdk-21\bin\jimage.dll
0x00007fff1a8c0000 - 0x00007fff1aaa4000 	C:\Windows\SYSTEM32\DBGHELP.DLL
0x00007fff1a880000 - 0x00007fff1a8b4000 	C:\Windows\SYSTEM32\dbgcore.DLL
0x00007fff1b7f0000 - 0x00007fff1b872000 	C:\Windows\System32\bcryptPrimitives.dll
0x00007fff19470000 - 0x00007fff1947f000 	D:\Program Files\Java\jdk-21\bin\instrument.dll
0x00007ffefa430000 - 0x00007ffefa44f000 	D:\Program Files\Java\jdk-21\bin\java.dll
0x00007fff1ba20000 - 0x00007fff1c164000 	C:\Windows\System32\SHELL32.dll
0x00007fff18270000 - 0x00007fff18a0b000 	C:\Windows\SYSTEM32\windows.storage.dll
0x00007fff1cc70000 - 0x00007fff1cfc4000 	C:\Windows\System32\combase.dll
0x00007fff1a520000 - 0x00007fff1a54d000 	C:\Windows\SYSTEM32\Wldp.dll
0x00007fff1c640000 - 0x00007fff1c6ed000 	C:\Windows\System32\SHCORE.dll
0x00007fff1d680000 - 0x00007fff1d6d5000 	C:\Windows\System32\shlwapi.dll
0x00007fff1aee0000 - 0x00007fff1af05000 	C:\Windows\SYSTEM32\profapi.dll
0x00007ffef3890000 - 0x00007ffef3967000 	D:\Program Files\Java\jdk-21\bin\jsvml.dll
0x00007fff14f20000 - 0x00007fff14f30000 	D:\Program Files\Java\jdk-21\bin\net.dll
0x00007fff12040000 - 0x00007fff1214a000 	C:\Windows\SYSTEM32\WINHTTP.dll
0x00007fff19ff0000 - 0x00007fff1a05a000 	C:\Windows\system32\mswsock.dll
0x00007fff14f00000 - 0x00007fff14f16000 	D:\Program Files\Java\jdk-21\bin\nio.dll
0x00007ffefa410000 - 0x00007ffefa428000 	D:\Program Files\Java\jdk-21\bin\zip.dll
0x00007fff19450000 - 0x00007fff1946a000 	C:\Program Files\JetBrains\IntelliJ IDEA Community Edition 2023.2.5\bin\breakgen64.dll
0x00000258d2cd0000 - 0x00000258d2cd3000 	C:\Users\Ёлиза\.openjfx\cache\21-ea+null\amd64\api-ms-win-core-console-l1-1-0.dll
0x00000258d2ce0000 - 0x00000258d2ce3000 	C:\Users\Ёлиза\.openjfx\cache\21-ea+null\amd64\api-ms-win-core-console-l1-2-0.dll
0x00000258d2cf0000 - 0x00000258d2cf3000 	C:\Users\Ёлиза\.openjfx\cache\21-ea+null\amd64\api-ms-win-core-datetime-l1-1-0.dll
0x00000258d2d00000 - 0x00000258d2d03000 	C:\Users\Ёлиза\.openjfx\cache\21-ea+null\amd64\api-ms-win-core-debug-l1-1-0.dll
0x00000258d2d10000 - 0x00000258d2d13000 	C:\Users\Ёлиза\.openjfx\cache\21-ea+null\amd64\api-ms-win-core-errorhandling-l1-1-0.dll
0x00000258d2d20000 - 0x00000258d2d24000 	C:\Users\Ёлиза\.openjfx\cache\21-ea+null\amd64\api-ms-win-core-file-l1-1-0.dll
0x00000258d2d30000 - 0x00000258d2d33000 	C:\Users\Ёлиза\.openjfx\cache\21-ea+null\amd64\api-ms-win-core-file-l1-2-0.dll
0x00000258d2d40000 - 0x00000258d2d43000 	C:\Users\Ёлиза\.openjfx\cache\21-ea+null\amd64\api-ms-win-core-file-l2-1-0.dll
0x00000258d2d50000 - 0x00000258d2d53000 	C:\Users\Ёлиза\.openjfx\cache\21-ea+null\amd64\api-ms-win-core-handle-l1-1-0.dll
0x00000258d2d60000 - 0x00000258d2d63000 	C:\Users\Ёлиза\.openjfx\cache\21-ea+null\amd64\api-ms-win-core-heap-l1-1-0.dll
0x00000258d2d70000 - 0x00000258d2d73000 	C:\Users\Ёлиза\.openjfx\cache\21-ea+null\amd64\api-ms-win-core-interlocked-l1-1-0.dll
0x00000258d2d80000 - 0x00000258d2d83000 	C:\Users\Ёлиза\.openjfx\cache\21-ea+null\amd64\api-ms-win-core-libraryloader-l1-1-0.dll
0x00000258d2d90000 - 0x00000258d2d93000 	C:\Users\Ёлиза\.openjfx\cache\21-ea+null\amd64\api-ms-win-core-localization-l1-2-0.dll
0x00000258d2da0000 - 0x00000258d2da3000 	C:\Users\Ёлиза\.openjfx\cache\21-ea+null\amd64\api-ms-win-core-memory-l1-1-0.dll
0x00000258d2db0000 - 0x00000258d2db3000 	C:\Users\Ёлиза\.openjfx\cache\21-ea+null\amd64\api-ms-win-core-namedpipe-l1-1-0.dll
0x00000258d2dc0000 - 0x00000258d2dc3000 	C:\Users\Ёлиза\.openjfx\cache\21-ea+null\amd64\api-ms-win-core-processenvironment-l1-1-0.dll
0x00000258d2dd0000 - 0x00000258d2dd3000 	C:\Users\Ёлиза\.openjfx\cache\21-ea+null\amd64\api-ms-win-core-processthreads-l1-1-0.dll
0x00000258d2de0000 - 0x00000258d2de3000 	C:\Users\Ёлиза\.openjfx\cache\21-ea+null\amd64\api-ms-win-core-processthreads-l1-1-1.dll
0x00000258d2df0000 - 0x00000258d2df3000 	C:\Users\Ёлиза\.openjfx\cache\21-ea+null\amd64\api-ms-win-core-profile-l1-1-0.dll
0x00000258d2e00000 - 0x00000258d2e03000 	C:\Users\Ёлиза\.openjfx\cache\21-ea+null\amd64\api-ms-win-core-rtlsupport-l1-1-0.dll
0x00000258d2e10000 - 0x00000258d2e13000 	C:\Users\Ёлиза\.openjfx\cache\21-ea+null\amd64\api-ms-win-core-string-l1-1-0.dll
0x00000258d2e20000 - 0x00000258d2e23000 	C:\Users\Ёлиза\.openjfx\cache\21-ea+null\amd64\api-ms-win-core-synch-l1-1-0.dll
0x00000258d2e30000 - 0x00000258d2e33000 	C:\Users\Ёлиза\.openjfx\cache\21-ea+null\amd64\api-ms-win-core-synch-l1-2-0.dll
0x00000258d2e40000 - 0x00000258d2e43000 	C:\Users\Ёлиза\.openjfx\cache\21-ea+null\amd64\api-ms-win-core-sysinfo-l1-1-0.dll
0x00000258d2e50000 - 0x00000258d2e53000 	C:\Users\Ёлиза\.openjfx\cache\21-ea+null\amd64\api-ms-win-core-timezone-l1-1-0.dll
0x00000258d2e60000 - 0x00000258d2e63000 	C:\Users\Ёлиза\.openjfx\cache\21-ea+null\amd64\api-ms-win-core-util-l1-1-0.dll
0x00000258d2e70000 - 0x00000258d2e73000 	C:\Users\Ёлиза\.openjfx\cache\21-ea+null\amd64\api-ms-win-crt-conio-l1-1-0.dll
0x00000258d2e80000 - 0x00000258d2e84000 	C:\Users\Ёлиза\.openjfx\cache\21-ea+null\amd64\api-ms-win-crt-convert-l1-1-0.dll
0x00000258d2e90000 - 0x00000258d2e93000 	C:\Users\Ёлиза\.openjfx\cache\21-ea+null\amd64\api-ms-win-crt-environment-l1-1-0.dll
0x00000258d2ea0000 - 0x00000258d2ea3000 	C:\Users\Ёлиза\.openjfx\cache\21-ea+null\amd64\api-ms-win-crt-filesystem-l1-1-0.dll
0x00000258d2eb0000 - 0x00000258d2eb3000 	C:\Users\Ёлиза\.openjfx\cache\21-ea+null\amd64\api-ms-win-crt-heap-l1-1-0.dll
0x00000258d2ec0000 - 0x00000258d2ec3000 	C:\Users\Ёлиза\.openjfx\cache\21-ea+null\amd64\api-ms-win-crt-locale-l1-1-0.dll
0x00000258d2ed0000 - 0x00000258d2ed5000 	C:\Users\Ёлиза\.openjfx\cache\21-ea+null\amd64\api-ms-win-crt-math-l1-1-0.dll
0x00000258d2ee0000 - 0x00000258d2ee5000 	C:\Users\Ёлиза\.openjfx\cache\21-ea+null\amd64\api-ms-win-crt-multibyte-l1-1-0.dll
0x00000258d2ef0000 - 0x00000258d2f00000 	C:\Users\Ёлиза\.openjfx\cache\21-ea+null\amd64\api-ms-win-crt-private-l1-1-0.dll
0x00000258d2f00000 - 0x00000258d2f03000 	C:\Users\Ёлиза\.openjfx\cache\21-ea+null\amd64\api-ms-win-crt-process-l1-1-0.dll
0x00000258d2f10000 - 0x00000258d2f14000 	C:\Users\Ёлиза\.openjfx\cache\21-ea+null\amd64\api-ms-win-crt-runtime-l1-1-0.dll
0x00000258d2f20000 - 0x00000258d2f24000 	C:\Users\Ёлиза\.openjfx\cache\21-ea+null\amd64\api-ms-win-crt-stdio-l1-1-0.dll
0x00000258d2f30000 - 0x00000258d2f34000 	C:\Users\Ёлиза\.openjfx\cache\21-ea+null\amd64\api-ms-win-crt-string-l1-1-0.dll
0x00000258d2f40000 - 0x00000258d2f43000 	C:\Users\Ёлиза\.openjfx\cache\21-ea+null\amd64\api-ms-win-crt-time-l1-1-0.dll
0x00000258d2f50000 - 0x00000258d2f53000 	C:\Users\Ёлиза\.openjfx\cache\21-ea+null\amd64\api-ms-win-crt-utility-l1-1-0.dll
0x00007fff0b7c0000 - 0x00007fff0b8bc000 	C:\Users\Ёлиза\.openjfx\cache\21-ea+null\amd64\ucrtbase.dll
0x00007fff18f50000 - 0x00007fff18f6b000 	C:\Users\Ёлиза\.openjfx\cache\21-ea+null\amd64\vcruntime140.dll
0x00007fff192e0000 - 0x00007fff192ec000 	C:\Users\Ёлиза\.openjfx\cache\21-ea+null\amd64\vcruntime140_1.dll
0x00007ffef7b40000 - 0x00007ffef7bce000 	C:\Users\Ёлиза\.openjfx\cache\21-ea+null\amd64\msvcp140.dll
0x00007fff1d6f0000 - 0x00007fff1d81b000 	C:\Windows\System32\ole32.dll
0x00007fff19270000 - 0x00007fff19279000 	C:\Users\Ёлиза\.openjfx\cache\21-ea+null\amd64\msvcp140_1.dll
0x00007fff14660000 - 0x00007fff1468f000 	C:\Users\Ёлиза\.openjfx\cache\21-ea+null\amd64\msvcp140_2.dll
0x00007fff0b6a0000 - 0x00007fff0b6cf000 	C:\Users\Ёлиза\.openjfx\cache\21-ea+null\amd64\prism_d3d.dll
0x00007ffec6720000 - 0x00007ffec68ed000 	C:\Windows\system32\d3d9.dll
0x00007fff17f60000 - 0x00007fff17f8f000 	C:\Windows\SYSTEM32\dwmapi.dll
0x00007fff17c80000 - 0x00007fff17d1e000 	C:\Windows\system32\uxtheme.dll
0x00007fff091a0000 - 0x00007fff091e2000 	C:\Users\Ёлиза\.openjfx\cache\21-ea+null\amd64\glass.dll
0x00007fff1d2d0000 - 0x00007fff1d3aa000 	C:\Windows\System32\COMDLG32.dll
0x00007fff1b930000 - 0x00007fff1b9fd000 	C:\Windows\System32\OLEAUT32.dll
0x00007fff1d450000 - 0x00007fff1d564000 	C:\Windows\System32\MSCTF.dll
0x00007fff0c6d0000 - 0x00007fff0c70b000 	C:\Windows\SYSTEM32\dxcore.dll
0x00007fff1b880000 - 0x00007fff1b8ce000 	C:\Windows\System32\cfgmgr32.dll
0x00007fff14640000 - 0x00007fff14654000 	C:\Users\Ёлиза\.openjfx\cache\21-ea+null\amd64\javafx_font.dll
0x00007fff0c8c0000 - 0x00007fff0cb3f000 	C:\Windows\SYSTEM32\dwrite.dll
0x00007fff1c9e0000 - 0x00007fff1ca89000 	C:\Windows\System32\clbcatq.dll
0x00007fff0fb00000 - 0x00007fff0fcb4000 	C:\Windows\SYSTEM32\WindowsCodecs.dll
0x00007fff1b900000 - 0x00007fff1b927000 	C:\Windows\System32\bcrypt.dll
0x00007ffef6ef0000 - 0x00007ffef6f2e000 	C:\Windows\system32\dataexchange.dll
0x00007fff16550000 - 0x00007fff167b3000 	C:\Windows\system32\d3d11.dll
0x00007fff16d60000 - 0x00007fff16f43000 	C:\Windows\system32\dcomp.dll
0x00007fff18b70000 - 0x00007fff18c63000 	C:\Windows\system32\dxgi.dll
0x00007fff12ed0000 - 0x00007fff130d7000 	C:\Windows\system32\twinapi.appcore.dll
0x00007fff08c00000 - 0x00007fff08c34000 	C:\Program Files\Common Files\Microsoft Shared\Ink\rtscom.dll
0x00007fff11710000 - 0x00007fff1180a000 	C:\Windows\SYSTEM32\textinputframework.dll
0x00007fff17460000 - 0x00007fff177bb000 	C:\Windows\System32\CoreUIComponents.dll
0x00007fff1ac10000 - 0x00007fff1ac43000 	C:\Windows\SYSTEM32\ntmarta.dll
0x00007fff177c0000 - 0x00007fff178b2000 	C:\Windows\System32\CoreMessaging.dll
0x00007fff172d0000 - 0x00007fff17425000 	C:\Windows\SYSTEM32\wintypes.dll
0x00007fff19d20000 - 0x00007fff19dea000 	C:\Windows\SYSTEM32\DNSAPI.dll
0x00007fff19ce0000 - 0x00007fff19d1b000 	C:\Windows\SYSTEM32\IPHLPAPI.DLL
0x00007fff1d820000 - 0x00007fff1d828000 	C:\Windows\System32\NSI.dll
0x00007fff0b2f0000 - 0x00007fff0b2fa000 	C:\Windows\System32\rasadhlp.dll
0x00007fff0b5f0000 - 0x00007fff0b670000 	C:\Windows\System32\fwpuclnt.dll
0x00007fff1ac50000 - 0x00007fff1ac68000 	C:\Windows\SYSTEM32\CRYPTSP.dll
0x00007fff19980000 - 0x00007fff199b4000 	C:\Windows\system32\rsaenh.dll

dbghelp: loaded successfully - version: 4.0.5 - missing functions: none
symbol engine: initialized successfully - sym options: 0x614 - pdb path: .;D:\Program Files\Java\jdk-21\bin;C:\Windows\SYSTEM32;C:\Windows\WinSxS\amd64_microsoft.windows.common-controls_6595b64144ccf1df_6.0.19041.3636_none_60b6a03d71f818d5;D:\Program Files\Java\jdk-21\bin\server;C:\Program Files\JetBrains\IntelliJ IDEA Community Edition 2023.2.5\bin;C:\Users\Ёлиза\.openjfx\cache\21-ea+null\amd64;C:\Windows\System32\DriverStore\FileRepository\u0357645.inf_amd64_3c66802dbd4d45a0\B357435;C:\Program Files\Common Files\Microsoft Shared\Ink

VM Arguments:
jvm_args: -javaagent:C:\Program Files\JetBrains\IntelliJ IDEA Community Edition 2023.2.5\lib\idea_rt.jar=49860:C:\Program Files\JetBrains\IntelliJ IDEA Community Edition 2023.2.5\bin -Dfile.encoding=UTF-8 -Dsun.stdout.encoding=UTF-8 -Dsun.stderr.encoding=UTF-8 --module-path=C:\Users\Ёлиза\IdeaProjects\credit\target\classes;C:\Users\Ёлиза\.m2\repository\net\synedra\validatorfx\0.4.0\validatorfx-0.4.0.jar;C:\Users\Ёлиза\.m2\repository\org\openjfx\javafx-fxml\21-ea+24\javafx-fxml-21-ea+24-win.jar;C:\Users\Ёлиза\.m2\repository\com\github\almasb\fxgl-gameplay\17.2\fxgl-gameplay-17.2.jar;C:\Users\Ёлиза\.m2\repository\com\github\almasb\fxgl-io\17.2\fxgl-io-17.2.jar;C:\Users\Ёлиза\.m2\repository\org\openjfx\javafx-media\21-ea+24\javafx-media-21-ea+24-win.jar;C:\Users\Ёлиза\.m2\repository\com\gluonhq\attach\lifecycle\4.0.13\lifecycle-4.0.13.jar;C:\Users\Ёлиза\.m2\repository\eu\hansolo\toolboxfx\17.0.33\toolboxfx-17.0.33.jar;C:\Users\Ёлиза\.m2\repository\com\fasterxml\jackson\core\jackson-core\2.12.1\jackson-core-2.12.1.jar;C:\Users\Ёлиза\.m2\repository\com\github\almasb\fxgl\17.2\fxgl-17.2.jar;C:\Users\Ёлиза\.m2\repository\org\controlsfx\controlsfx\11.1.2\controlsfx-11.1.2.jar;C:\Users\Ёлиза\.m2\repository\org\openjfx\javafx-graphics\21-ea+24\javafx-graphics-21-ea+24-win.jar;C:\Users\Ёлиза\.m2\repository\eu\hansolo\fx\heatmap\17.0.12\heatmap-17.0.12.jar;C:\Users\Ёлиза\.m2\repository\com\github\almasb\fxgl-entity\17.2\fxgl-entity-17.2.jar;C:\Users\Ёлиза\.m2\repository\com\gluonhq\attach\audio\4.0.13\audio-4.0.13.jar;C:\Users\Ёлиза\.m2\repository\com\dlsc\formsfx\formsfx-core\11.6.0\formsfx-core-11.6.0.jar;C:\Users\Ёлиза\.m2\repository\org\kordamp\ikonli\ikonli-javafx\12.3.1\ikonli-javafx-12.3.1.jar;C:\Users\Ёлиза\.m2\repository\eu\hansolo\tilesfx\17.1.17\tilesfx-17.1.17.jar;C:\Users\Ёлиза\.m2\repository\org\openjfx\javafx-base\21-ea+24\javafx-base-21-ea+24-win.jar;C:\Users\Ёлиза\.jdks\javafx-sdk-21.0.1\lib\javafx.swing.jar;C:\Users\Ёлиза\.m2\repository\com\gluonhq\attach\storage\4.0.13\storage-4.0.13.jar;C:\Users\Ёлиза\.m2\repository\org\jetbrains\kotlin\kotlin-stdlib\1.6.0\kotlin-stdlib-1.6.0-modular.jar;C:\Users\Ёлиза\.m2\repository\com\github\almasb\fxgl-core\17.2\fxgl-core-17.2.jar;C:\Users\Ёлиза\.m2\repository\org\openjfx\jav-Djdk.module.main=task.credit 
java_command: task.credit/task.finance.FinanceApp
java_class_path (initial): C:\Users\Ёлиза\.m2\repository\org\openjfx\javafx-controls\21-ea+24\javafx-controls-21-ea+24.jar;C:\Users\Ёлиза\.m2\repository\org\openjfx\javafx-graphics\21-ea+24\javafx-graphics-21-ea+24.jar;C:\Users\Ёлиза\.m2\repository\org\openjfx\javafx-base\21-ea+24\javafx-base-21-ea+24.jar;C:\Users\Ёлиза\.m2\repository\org\openjfx\javafx-fxml\21-ea+24\javafx-fxml-21-ea+24.jar;C:\Users\Ёлиза\.m2\repository\org\openjfx\javafx-web\21-ea+24\javafx-web-21-ea+24.jar;C:\Users\Ёлиза\.m2\repository\org\openjfx\javafx-media\21-ea+24\javafx-media-21-ea+24.jar;C:\Users\Ёлиза\.m2\repository\org\jetbrains\annotations\13.0\annotations-13.0.jar;C:\Users\Ёлиза\.m2\repository\org\jetbrains\kotlin\kotlin-stdlib-common\1.6.0\kotlin-stdlib-common-1.6.0.jar;C:\Users\Ёлиза\Downloads\mysql-connector-j-8.2.0\mysql-connector-j-8.2.0.jar
Launcher Type: SUN_STANDARD

[Global flags]
     intx CICompilerCount                          = 3                                         {product} {ergonomic}
     uint ConcGCThreads                            = 1                                         {product} {ergonomic}
     uint G1ConcRefinementThreads                  = 4                                         {product} {ergonomic}
   size_t G1HeapRegionSize                         = 1048576                                   {product} {ergonomic}
    uintx GCDrainStackTargetSize                   = 64                                        {product} {ergonomic}
   size_t InitialHeapSize                          = 58720256                                  {product} {ergonomic}
   size_t MarkStackSize                            = 4194304                                   {product} {ergonomic}
   size_t MaxHeapSize                              = 924844032                                 {product} {ergonomic}
   size_t MaxNewSize                               = 554696704                                 {product} {ergonomic}
   size_t MinHeapDeltaBytes                        = 1048576                                   {product} {ergonomic}
   size_t MinHeapSize                              = 8388608                                   {product} {ergonomic}
    uintx NonNMethodCodeHeapSize                   = 5832780                                {pd product} {ergonomic}
    uintx NonProfiledCodeHeapSize                  = 122912730                              {pd product} {ergonomic}
    uintx ProfiledCodeHeapSize                     = 122912730                              {pd product} {ergonomic}
    uintx ReservedCodeCacheSize                    = 251658240                              {pd product} {ergonomic}
     bool SegmentedCodeCache                       = true                                      {product} {ergonomic}
   size_t SoftMaxHeapSize                          = 924844032                              {manageable} {ergonomic}
     bool UseCompressedOops                        = true                           {product lp64_product} {ergonomic}
     bool UseG1GC                                  = true                                      {product} {ergonomic}
     bool UseLargePagesIndividualAllocation        = false                                  {pd product} {ergonomic}

Logging:
Log output configuration:
 #0: stdout all=off uptime,level,tags foldmultilines=false
 #1: stderr all=off uptime,level,tags foldmultilines=false

Environment Variables:
PATH=C:\Program Files\Python38\Scripts\;C:\Program Files\Python38\;C:\Windows\system32;C:\Windows;C:\Windows\System32\Wbem;C:\Windows\System32\WindowsPowerShell\v1.0\;C:\Program Files\Microsoft SQL Server\120\DTS\Binn\;C:\Program Files\Microsoft SQL Server\Client SDK\ODBC\110\Tools\Binn\;C:\Program Files (x86)\Microsoft SQL Server\120\Tools\Binn\;C:\Program Files\Microsoft SQL Server\120\Tools\Binn\;C:\Program Files (x86)\Microsoft SQL Server\120\Tools\Binn\ManagementStudio\;C:\Program Files (x86)\Microsoft SQL Server\120\DTS\Binn\;C:\Users\Ёлиза\AppData\Local\Microsoft\WindowsApps;;C:\Program Files\JetBrains\IntelliJ IDEA Community Edition 2023.2.5\bin;;C:\Program Files\JetBrains\PyCharm Edu 2022.2.2\bin;;C:\Program Files\Microsoft VS Code\bin;C:\Program Files\JetBrains\PyCharm Community Edition 2023.2.5\bin;
USERNAME=Ёлиза
OS=Windows_NT
PROCESSOR_IDENTIFIER=AMD64 Family 23 Model 24 Stepping 1, AuthenticAMD
TMP=C:\Temp
TEMP=C:\Temp




---------------  S Y S T E M  ---------------

OS:
 Windows 10 , 64 bit Build 19041 (10.0.19041.3636)
OS uptime: 0 days 0:28 hours

CPU: total 4 (initial active 4) (4 cores per cpu, 2 threads per core) family 23 model 24 stepping 1 microcode 0x0, cx8, cmov, fxsr, ht, mmx, 3dnowpref, sse, sse2, sse3, ssse3, sse4a, sse4.1, sse4.2, popcnt, lzcnt, tsc, tscinvbit, avx, avx2, aes, clmul, bmi1, bmi2, adx, sha, fma, vzeroupper, clflush, clflushopt, rdtscp, f16c
Processor Information for all 4 processors :
  Max Mhz: 2600, Current Mhz: 2600, Mhz Limit: 2600

Memory: 4k page, system-wide physical 3522M (288M free)
TotalPageFile size 9226M (AvailPageFile size 1074M)
current process WorkingSet (physical memory assigned to process): 151M, peak: 190M
current process commit charge ("private bytes"): 206M, peak: 249M

vm_info: Java HotSpot(TM) 64-Bit Server VM (21+35-LTS-2513) for windows-amd64 JRE (21+35-LTS-2513), built on 2023-08-09T20:25:10Z by "mach5one" with MS VC++ 17.1 (VS2022)

END.
