#
# There is insufficient memory for the Java Runtime Environment to continue.
# Native memory allocation (malloc) failed to allocate 1274784 bytes for Chunk::new
# Possible reasons:
#   The system is out of physical RAM or swap space
#   The process is running with CompressedOops enabled, and the Java Heap may be blocking the growth of the native heap
# Possible solutions:
#   Reduce memory load on the system
#   Increase physical memory or swap space
#   Check if swap backing store is full
#   Decrease Java heap size (-Xmx/-Xms)
#   Decrease number of Java threads
#   Decrease Java thread stack sizes (-Xss)
#   Set larger code cache with -XX:ReservedCodeCacheSize=
#   JVM is running with Unscaled Compressed Oops mode in which the Java heap is
#     placed in the first 4GB address space. The Java Heap base address is the
#     maximum limit for the native heap growth. Please use -XX:HeapBaseMinAddress
#     to set the Java Heap base and to place the Java Heap above 4GB virtual address.
# This output file may be truncated or incomplete.
#
#  Out of Memory Error (arena.cpp:166), pid=1876, tid=8608
#
# JRE version: Java(TM) SE Runtime Environment (21.0+35) (build 21+35-LTS-2513)
# Java VM: Java HotSpot(TM) 64-Bit Server VM (21+35-LTS-2513, mixed mode, sharing, tiered, compressed oops, compressed class ptrs, g1 gc, windows-amd64)
# No core dump will be written. Minidumps are not enabled by default on client versions of Windows
#

---------------  S U M M A R Y ------------

Command Line: -javaagent:C:\Program Files\JetBrains\IntelliJ IDEA Community Edition 2023.2.5\lib\idea_rt.jar=50172:C:\Program Files\JetBrains\IntelliJ IDEA Community Edition 2023.2.5\bin -Dfile.encoding=UTF-8 -Dsun.stdout.encoding=UTF-8 -Dsun.stderr.encoding=UTF-8 --module-path=C:\Users\Ёлиза\.m2\repository\com\github\almasb\fxgl-io\17.2\fxgl-io-17.2.jar;C:\Users\Ёлиза\.m2\repository\org\openjfx\javafx-controls\21-ea+24\javafx-controls-21-ea+24-win.jar;C:\Users\Ёлиза\.m2\repository\eu\hansolo\toolboxfx\17.0.33\toolboxfx-17.0.33.jar;C:\Users\Ёлиза\.m2\repository\org\openjfx\javafx-media\21-ea+24\javafx-media-21-ea+24-win.jar;C:\Users\Ёлиза\.m2\repository\com\gluonhq\attach\audio\4.0.13\audio-4.0.13.jar;C:\Users\Ёлиза\.m2\repository\com\gluonhq\attach\lifecycle\4.0.13\lifecycle-4.0.13.jar;C:\Users\Ёлиза\.m2\repository\com\gluonhq\attach\util\4.0.13\util-4.0.13.jar;C:\Users\Ёлиза\IdeaProjects\credit\target\classes;C:\Users\Ёлиза\.m2\repository\com\gluonhq\attach\storage\4.0.13\storage-4.0.13.jar;C:\Users\Ёлиза\.m2\repository\com\github\almasb\fxgl-gameplay\17.2\fxgl-gameplay-17.2.jar;C:\Users\Ёлиза\.m2\repository\com\fasterxml\jackson\core\jackson-annotations\2.12.1\jackson-annotations-2.12.1.jar;C:\Users\Ёлиза\.m2\repository\org\kordamp\ikonli\ikonli-core\12.3.1\ikonli-core-12.3.1.jar;C:\Users\Ёлиза\.m2\repository\org\openjfx\javafx-web\21-ea+24\javafx-web-21-ea+24-win.jar;C:\Users\Ёлиза\.m2\repository\org\openjfx\javafx-fxml\21-ea+24\javafx-fxml-21-ea+24-win.jar;C:\Users\Ёлиза\.m2\repository\com\dlsc\formsfx\formsfx-core\11.6.0\formsfx-core-11.6.0.jar;C:\Users\Ёлиза\.m2\repository\net\synedra\validatorfx\0.4.0\validatorfx-0.4.0.jar;C:\Users\Ёлиза\.m2\repository\com\github\almasb\fxgl-scene\17.2\fxgl-scene-17.2.jar;C:\Users\Ёлиза\.m2\repository\org\kordamp\bootstrapfx\bootstrapfx-core\0.4.0\bootstrapfx-core-0.4.0.jar;C:\Users\Ёлиза\.m2\repository\com\fasterxml\jackson\core\jackson-core\2.12.1\jackson-core-2.12.1.jar;C:\Users\Ёлиза\.m2\repository\org\kordamp\ikonli\ikonli-javafx\12.3.1\ikonli-javafx-12.3.1.jar;C:\Users\Ёлиза\.m2\repository\eu\hansolo\fx\countries\17.0.23\countries-17.0.23.jar;C:\Users\Ёлиза\.m2\repository\com\github\almasb\fxgl-core\17.2\fxgl-core-17.2.jar;C:\Users\Ёлиза\.m2\repository\eu\hansolo\tilesfx\17.1.1-Djdk.module.main=task.credit task.credit/task.finance.FinanceApp

Host: AMD Ryzen 3 3200U with Radeon Vega Mobile Gfx  , 4 cores, 3G,  Windows 10 , 64 bit Build 19041 (10.0.19041.3636)
Time: Tue Dec 19 22:13:22 2023  Windows 10 , 64 bit Build 19041 (10.0.19041.3636) elapsed time: 381.447640 seconds (0d 0h 6m 21s)

---------------  T H R E A D  ---------------

Current thread (0x000002ac7801ddd0):  JavaThread "C2 CompilerThread0" daemon [_thread_in_native, id=8608, stack(0x000000d654400000,0x000000d654500000) (1024K)]


Current CompileTask:
C2: 381448 5311       4       javafx.scene.CssStyleHelper::resolveRef (134 bytes)

Stack: [0x000000d654400000,0x000000d654500000]
Native frames: (J=compiled Java code, j=interpreted, Vv=VM code, C=native code)
V  [jvm.dll+0x6c8d39]
V  [jvm.dll+0x854091]
V  [jvm.dll+0x85630e]
V  [jvm.dll+0x8569e3]
V  [jvm.dll+0x2809a6]
V  [jvm.dll+0xc3e6d]
V  [jvm.dll+0xc4383]
V  [jvm.dll+0x3b551c]
V  [jvm.dll+0x382245]
V  [jvm.dll+0x3816ba]
V  [jvm.dll+0x249800]
V  [jvm.dll+0x248de1]
V  [jvm.dll+0x1c9b91]
V  [jvm.dll+0x2583e9]
V  [jvm.dll+0x2569ca]
V  [jvm.dll+0x3eef66]
V  [jvm.dll+0x7fd2c8]
V  [jvm.dll+0x6c748d]
C  [ucrtbase.dll+0x21bb2]
C  [KERNEL32.DLL+0x17344]
C  [ntdll.dll+0x526b1]


---------------  P R O C E S S  ---------------

Threads class SMR info:
_java_thread_list=0x000002ac782a9f90, length=20, elements={
0x000002ac6a718bb0, 0x000002ac78013500, 0x000002ac78015430, 0x000002ac7801b120,
0x000002ac7801bb80, 0x000002ac7801c5e0, 0x000002ac7801d040, 0x000002ac7801ddd0,
0x000002ac7803b6c0, 0x000002ac7821fae0, 0x000002ac78744c70, 0x000002ac787452e0,
0x000002ac78c80220, 0x000002ac78d19fc0, 0x000002ac78d3fb10, 0x000002ac520ac4a0,
0x000002ac520beeb0, 0x000002ac522af050, 0x000002ac522b1e40, 0x000002ac522ae9c0
}

Java Threads: ( => current thread )
  0x000002ac6a718bb0 JavaThread "main"                              [_thread_blocked, id=2716, stack(0x000000d653600000,0x000000d653700000) (1024K)]
  0x000002ac78013500 JavaThread "Reference Handler"          daemon [_thread_blocked, id=3732, stack(0x000000d653e00000,0x000000d653f00000) (1024K)]
  0x000002ac78015430 JavaThread "Finalizer"                  daemon [_thread_blocked, id=8964, stack(0x000000d653f00000,0x000000d654000000) (1024K)]
  0x000002ac7801b120 JavaThread "Signal Dispatcher"          daemon [_thread_blocked, id=9156, stack(0x000000d654000000,0x000000d654100000) (1024K)]
  0x000002ac7801bb80 JavaThread "Attach Listener"            daemon [_thread_blocked, id=8840, stack(0x000000d654100000,0x000000d654200000) (1024K)]
  0x000002ac7801c5e0 JavaThread "Service Thread"             daemon [_thread_blocked, id=6564, stack(0x000000d654200000,0x000000d654300000) (1024K)]
  0x000002ac7801d040 JavaThread "Monitor Deflation Thread"   daemon [_thread_blocked, id=1436, stack(0x000000d654300000,0x000000d654400000) (1024K)]
=>0x000002ac7801ddd0 JavaThread "C2 CompilerThread0"         daemon [_thread_in_native, id=8608, stack(0x000000d654400000,0x000000d654500000) (1024K)]
  0x000002ac7803b6c0 JavaThread "C1 CompilerThread0"         daemon [_thread_blocked, id=868, stack(0x000000d654500000,0x000000d654600000) (1024K)]
  0x000002ac7821fae0 JavaThread "Common-Cleaner"             daemon [_thread_blocked, id=7704, stack(0x000000d654600000,0x000000d654700000) (1024K)]
  0x000002ac78744c70 JavaThread "Monitor Ctrl-Break"         daemon [_thread_in_native, id=3508, stack(0x000000d654700000,0x000000d654800000) (1024K)]
  0x000002ac787452e0 JavaThread "Notification Thread"        daemon [_thread_blocked, id=3100, stack(0x000000d654800000,0x000000d654900000) (1024K)]
  0x000002ac78c80220 JavaThread "QuantumRenderer-0"          daemon [_thread_blocked, id=2408, stack(0x000000d654b00000,0x000000d654c00000) (1024K)]
  0x000002ac78d19fc0 JavaThread "InvokeLaterDispatcher"      daemon [_thread_blocked, id=6560, stack(0x000000d654e00000,0x000000d654f00000) (1024K)]
  0x000002ac78d3fb10 JavaThread "JavaFX Application Thread"         [_thread_in_native, id=6580, stack(0x000000d654f00000,0x000000d655000000) (1024K)]
  0x000002ac520ac4a0 JavaThread "Thread-1"                   daemon [_thread_in_native, id=8464, stack(0x000000d655400000,0x000000d655500000) (1024K)]
  0x000002ac520beeb0 JavaThread "JavaFX-Launcher"                   [_thread_blocked, id=7036, stack(0x000000d655500000,0x000000d655600000) (1024K)]
  0x000002ac522af050 JavaThread "Prism Font Disposer"        daemon [_thread_blocked, id=9016, stack(0x000000d655800000,0x000000d655900000) (1024K)]
  0x000002ac522b1e40 JavaThread "Cleaner-0"                  daemon [_thread_blocked, id=5468, stack(0x000000d655900000,0x000000d655a00000) (1024K)]
  0x000002ac522ae9c0 JavaThread "mysql-cj-abandoned-connection-cleanup" daemon [_thread_blocked, id=2152, stack(0x000000d653500000,0x000000d653600000) (1024K)]
Total: 20

Other Threads:
  0x000002ac6a7d6520 VMThread "VM Thread"                           [id=2172, stack(0x000000d653d00000,0x000000d653e00000) (1024K)]
  0x000002ac7800aa00 WatcherThread "VM Periodic Task Thread"        [id=1772, stack(0x000000d653c00000,0x000000d653d00000) (1024K)]
  0x000002ac6a7501c0 WorkerThread "GC Thread#0"                     [id=2340, stack(0x000000d653700000,0x000000d653800000) (1024K)]
  0x000002ac78803c60 WorkerThread "GC Thread#1"                     [id=888, stack(0x000000d654900000,0x000000d654a00000) (1024K)]
  0x000002ac7880b530 WorkerThread "GC Thread#2"                     [id=9092, stack(0x000000d654a00000,0x000000d654b00000) (1024K)]
  0x000002ac520d3290 WorkerThread "GC Thread#3"                     [id=8704, stack(0x000000d655600000,0x000000d655700000) (1024K)]
  0x000002ac6a759cc0 ConcurrentGCThread "G1 Main Marker"            [id=5180, stack(0x000000d653800000,0x000000d653900000) (1024K)]
  0x000002ac6a75a6d0 WorkerThread "G1 Conc#0"                       [id=1184, stack(0x000000d653900000,0x000000d653a00000) (1024K)]
  0x000002ac6a7af0a0 ConcurrentGCThread "G1 Refine#0"               [id=4060, stack(0x000000d653a00000,0x000000d653b00000) (1024K)]
  0x000002ac6a7afb20 ConcurrentGCThread "G1 Service"                [id=7372, stack(0x000000d653b00000,0x000000d653c00000) (1024K)]
Total: 10

Threads with active compile tasks:
C2 CompilerThread0   381506 5311       4       javafx.scene.CssStyleHelper::resolveRef (134 bytes)
Total: 1

VM state: not at safepoint (normal execution)

VM Mutex/Monitor currently owned by a thread: None

Heap address: 0x00000000c8e00000, size: 882 MB, Compressed Oops mode: 32-bit

CDS archive(s) mapped at: [0x000002ac0f000000-0x000002ac0fc90000-0x000002ac0fc90000), size 13172736, SharedBaseAddress: 0x000002ac0f000000, ArchiveRelocationMode: 1.
Compressed class space mapped at: 0x000002ac10000000-0x000002ac50000000, reserved size: 1073741824
Narrow klass base: 0x000002ac0f000000, Narrow klass shift: 0, Narrow klass range: 0x100000000

GC Precious Log:
 CardTable entry size: 512
 Card Set container configuration: InlinePtr #cards 5 size 8 Array Of Cards #cards 12 size 40 Howl #buckets 4 coarsen threshold 1843 Howl Bitmap #cards 512 size 80 coarsen threshold 460 Card regions per heap region 1 cards per card region 2048
 CPUs: 4 total, 4 available
 Memory: 3522M
 Large Page Support: Disabled
 NUMA Support: Disabled
 Compressed Oops: Enabled (32-bit)
 Heap Region Size: 1M
 Heap Min Capacity: 8M
 Heap Initial Capacity: 56M
 Heap Max Capacity: 882M
 Pre-touch: Disabled
 Parallel Workers: 4
 Concurrent Workers: 1
 Concurrent Refinement Workers: 4
 Periodic GC: Disabled

Heap:
 garbage-first heap   total 51200K, used 33522K [0x00000000c8e00000, 0x0000000100000000)
  region size 1024K, 24 young (24576K), 4 survivors (4096K)
 Metaspace       used 26954K, committed 27264K, reserved 1114112K
  class space    used 3592K, committed 3712K, reserved 1048576K

Heap Regions: E=young(eden), S=young(survivor), O=old, HS=humongous(starts), HC=humongous(continues), CS=collection set, F=free, TAMS=top-at-mark-start, PB=parsable bottom
|   0|0x00000000c8e00000, 0x00000000c8f00000, 0x00000000c8f00000|100%| O|  |TAMS 0x00000000c8e00000| PB 0x00000000c8e00000| Untracked 
|   1|0x00000000c8f00000, 0x00000000c9000000, 0x00000000c9000000|100%| O|  |TAMS 0x00000000c8f00000| PB 0x00000000c8f00000| Untracked 
|   2|0x00000000c9000000, 0x00000000c9100000, 0x00000000c9100000|100%| O|  |TAMS 0x00000000c9000000| PB 0x00000000c9000000| Untracked 
|   3|0x00000000c9100000, 0x00000000c9200000, 0x00000000c9200000|100%| O|  |TAMS 0x00000000c9100000| PB 0x00000000c9100000| Untracked 
|   4|0x00000000c9200000, 0x00000000c9300000, 0x00000000c9300000|100%| O|  |TAMS 0x00000000c9200000| PB 0x00000000c9200000| Untracked 
|   5|0x00000000c9300000, 0x00000000c9400000, 0x00000000c9400000|100%| O|  |TAMS 0x00000000c9300000| PB 0x00000000c9300000| Untracked 
|   6|0x00000000c9400000, 0x00000000c9500000, 0x00000000c9500000|100%|HS|  |TAMS 0x00000000c9400000| PB 0x00000000c9400000| Complete 
|   7|0x00000000c9500000, 0x00000000c9600000, 0x00000000c9600000|100%|HC|  |TAMS 0x00000000c9500000| PB 0x00000000c9500000| Complete 
|   8|0x00000000c9600000, 0x00000000c9700000, 0x00000000c9700000|100%| O|  |TAMS 0x00000000c9600000| PB 0x00000000c9600000| Untracked 
|   9|0x00000000c9700000, 0x00000000c97cb380, 0x00000000c9800000| 79%| O|Cm|TAMS 0x00000000c9700000| PB 0x00000000c9700000| Complete 
|  10|0x00000000c9800000, 0x00000000c9800000, 0x00000000c9900000|  0%| F|  |TAMS 0x00000000c9800000| PB 0x00000000c9800000| Untracked 
|  11|0x00000000c9900000, 0x00000000c9900000, 0x00000000c9a00000|  0%| F|  |TAMS 0x00000000c9900000| PB 0x00000000c9900000| Untracked 
|  12|0x00000000c9a00000, 0x00000000c9a00000, 0x00000000c9b00000|  0%| F|  |TAMS 0x00000000c9a00000| PB 0x00000000c9a00000| Untracked 
|  13|0x00000000c9b00000, 0x00000000c9b00000, 0x00000000c9c00000|  0%| F|  |TAMS 0x00000000c9b00000| PB 0x00000000c9b00000| Untracked 
|  14|0x00000000c9c00000, 0x00000000c9c00000, 0x00000000c9d00000|  0%| F|  |TAMS 0x00000000c9c00000| PB 0x00000000c9c00000| Untracked 
|  15|0x00000000c9d00000, 0x00000000c9d00000, 0x00000000c9e00000|  0%| F|  |TAMS 0x00000000c9d00000| PB 0x00000000c9d00000| Untracked 
|  16|0x00000000c9e00000, 0x00000000c9e00000, 0x00000000c9f00000|  0%| F|  |TAMS 0x00000000c9e00000| PB 0x00000000c9e00000| Untracked 
|  17|0x00000000c9f00000, 0x00000000c9f00000, 0x00000000ca000000|  0%| F|  |TAMS 0x00000000c9f00000| PB 0x00000000c9f00000| Untracked 
|  18|0x00000000ca000000, 0x00000000ca000000, 0x00000000ca100000|  0%| F|  |TAMS 0x00000000ca000000| PB 0x00000000ca000000| Untracked 
|  19|0x00000000ca100000, 0x00000000ca100000, 0x00000000ca200000|  0%| F|  |TAMS 0x00000000ca100000| PB 0x00000000ca100000| Untracked 
|  20|0x00000000ca200000, 0x00000000ca200000, 0x00000000ca300000|  0%| F|  |TAMS 0x00000000ca200000| PB 0x00000000ca200000| Untracked 
|  21|0x00000000ca300000, 0x00000000ca300000, 0x00000000ca400000|  0%| F|  |TAMS 0x00000000ca300000| PB 0x00000000ca300000| Untracked 
|  22|0x00000000ca400000, 0x00000000ca400000, 0x00000000ca500000|  0%| F|  |TAMS 0x00000000ca400000| PB 0x00000000ca400000| Untracked 
|  23|0x00000000ca500000, 0x00000000ca500000, 0x00000000ca600000|  0%| F|  |TAMS 0x00000000ca500000| PB 0x00000000ca500000| Untracked 
|  24|0x00000000ca600000, 0x00000000ca600000, 0x00000000ca700000|  0%| F|  |TAMS 0x00000000ca600000| PB 0x00000000ca600000| Untracked 
|  25|0x00000000ca700000, 0x00000000ca700000, 0x00000000ca800000|  0%| F|  |TAMS 0x00000000ca700000| PB 0x00000000ca700000| Untracked 
|  26|0x00000000ca800000, 0x00000000ca8f4590, 0x00000000ca900000| 95%| E|  |TAMS 0x00000000ca800000| PB 0x00000000ca800000| Complete 
|  27|0x00000000ca900000, 0x00000000caa00000, 0x00000000caa00000|100%| E|CS|TAMS 0x00000000ca900000| PB 0x00000000ca900000| Complete 
|  28|0x00000000caa00000, 0x00000000cab00000, 0x00000000cab00000|100%| E|CS|TAMS 0x00000000caa00000| PB 0x00000000caa00000| Complete 
|  29|0x00000000cab00000, 0x00000000cac00000, 0x00000000cac00000|100%| E|CS|TAMS 0x00000000cab00000| PB 0x00000000cab00000| Complete 
|  30|0x00000000cac00000, 0x00000000cacf1770, 0x00000000cad00000| 94%| S|CS|TAMS 0x00000000cac00000| PB 0x00000000cac00000| Complete 
|  31|0x00000000cad00000, 0x00000000cae00000, 0x00000000cae00000|100%| S|CS|TAMS 0x00000000cad00000| PB 0x00000000cad00000| Complete 
|  32|0x00000000cae00000, 0x00000000caf00000, 0x00000000caf00000|100%| S|CS|TAMS 0x00000000cae00000| PB 0x00000000cae00000| Complete 
|  33|0x00000000caf00000, 0x00000000cb000000, 0x00000000cb000000|100%| S|CS|TAMS 0x00000000caf00000| PB 0x00000000caf00000| Complete 
|  34|0x00000000cb000000, 0x00000000cb100000, 0x00000000cb100000|100%| E|CS|TAMS 0x00000000cb000000| PB 0x00000000cb000000| Complete 
|  35|0x00000000cb100000, 0x00000000cb200000, 0x00000000cb200000|100%| E|CS|TAMS 0x00000000cb100000| PB 0x00000000cb100000| Complete 
|  36|0x00000000cb200000, 0x00000000cb300000, 0x00000000cb300000|100%| E|CS|TAMS 0x00000000cb200000| PB 0x00000000cb200000| Complete 
|  37|0x00000000cb300000, 0x00000000cb400000, 0x00000000cb400000|100%| E|CS|TAMS 0x00000000cb300000| PB 0x00000000cb300000| Complete 
|  38|0x00000000cb400000, 0x00000000cb500000, 0x00000000cb500000|100%| E|CS|TAMS 0x00000000cb400000| PB 0x00000000cb400000| Complete 
|  39|0x00000000cb500000, 0x00000000cb600000, 0x00000000cb600000|100%| E|CS|TAMS 0x00000000cb500000| PB 0x00000000cb500000| Complete 
|  40|0x00000000cb600000, 0x00000000cb700000, 0x00000000cb700000|100%| E|CS|TAMS 0x00000000cb600000| PB 0x00000000cb600000| Complete 
|  41|0x00000000cb700000, 0x00000000cb800000, 0x00000000cb800000|100%| E|CS|TAMS 0x00000000cb700000| PB 0x00000000cb700000| Complete 
|  42|0x00000000cb800000, 0x00000000cb900000, 0x00000000cb900000|100%| E|CS|TAMS 0x00000000cb800000| PB 0x00000000cb800000| Complete 
|  43|0x00000000cb900000, 0x00000000cba00000, 0x00000000cba00000|100%| E|CS|TAMS 0x00000000cb900000| PB 0x00000000cb900000| Complete 
|  44|0x00000000cba00000, 0x00000000cbb00000, 0x00000000cbb00000|100%| E|CS|TAMS 0x00000000cba00000| PB 0x00000000cba00000| Complete 
|  45|0x00000000cbb00000, 0x00000000cbc00000, 0x00000000cbc00000|100%| E|CS|TAMS 0x00000000cbb00000| PB 0x00000000cbb00000| Complete 
|  46|0x00000000cbc00000, 0x00000000cbd00000, 0x00000000cbd00000|100%| E|CS|TAMS 0x00000000cbc00000| PB 0x00000000cbc00000| Complete 
|  47|0x00000000cbd00000, 0x00000000cbe00000, 0x00000000cbe00000|100%| E|CS|TAMS 0x00000000cbd00000| PB 0x00000000cbd00000| Complete 
|  48|0x00000000cbe00000, 0x00000000cbf00000, 0x00000000cbf00000|100%| E|CS|TAMS 0x00000000cbe00000| PB 0x00000000cbe00000| Complete 
|  55|0x00000000cc500000, 0x00000000cc600000, 0x00000000cc600000|100%| E|CS|TAMS 0x00000000cc500000| PB 0x00000000cc500000| Complete 

Card table byte_map: [0x000002ac74b20000,0x000002ac74ce0000] _byte_map_base: 0x000002ac744d9000

Marking Bits: (CMBitMap*) 0x000002ac6a7517e0
 Bits: [0x000002ac74ce0000, 0x000002ac75aa8000)

Polling page: 0x000002ac6a5a0000

Metaspace:

Usage:
  Non-class:     22.81 MB used.
      Class:      3.51 MB used.
       Both:     26.32 MB used.

Virtual space:
  Non-class space:       64.00 MB reserved,      23.00 MB ( 36%) committed,  1 nodes.
      Class space:        1.00 GB reserved,       3.62 MB ( <1%) committed,  1 nodes.
             Both:        1.06 GB reserved,      26.62 MB (  2%) committed. 

Chunk freelists:
   Non-Class:  8.11 MB
       Class:  12.33 MB
        Both:  20.44 MB

MaxMetaspaceSize: unlimited
CompressedClassSpaceSize: 1.00 GB
Initial GC threshold: 21.00 MB
Current GC threshold: 35.12 MB
CDS: on
 - commit_granule_bytes: 65536.
 - commit_granule_words: 8192.
 - virtual_space_node_default_size: 8388608.
 - enlarge_chunks_in_place: 1.
 - use_allocation_guard: 0.


Internal statistics:

num_allocs_failed_limit: 3.
num_arena_births: 360.
num_arena_deaths: 0.
num_vsnodes_births: 2.
num_vsnodes_deaths: 0.
num_space_committed: 426.
num_space_uncommitted: 0.
num_chunks_returned_to_freelist: 3.
num_chunks_taken_from_freelist: 1101.
num_chunk_merges: 0.
num_chunk_splits: 770.
num_chunks_enlarged: 603.
num_inconsistent_stats: 0.

CodeHeap 'non-profiled nmethods': size=120000Kb used=2267Kb max_used=2267Kb free=117732Kb
 bounds [0x000002ac07ad0000, 0x000002ac07d40000, 0x000002ac0f000000]
CodeHeap 'profiled nmethods': size=120000Kb used=11059Kb max_used=11059Kb free=108940Kb
 bounds [0x000002ac00000000, 0x000002ac00ad0000, 0x000002ac07530000]
CodeHeap 'non-nmethods': size=5760Kb used=1921Kb max_used=1944Kb free=3838Kb
 bounds [0x000002ac07530000, 0x000002ac077a0000, 0x000002ac07ad0000]
 total_blobs=6218 nmethods=5315 adapters=807
 compilation: enabled
              stopped_count=0, restarted_count=0
 full_count=0

Compilation events (20 events):
Event: 381.177 Thread 0x000002ac7803b6c0 5314       3       javafx.css.converter.InsetsConverter::convert (7 bytes)
Event: 381.178 Thread 0x000002ac7803b6c0 nmethod 5314 0x000002ac00ac8c10 code [0x000002ac00ac8dc0, 0x000002ac00ac8f00]
Event: 381.178 Thread 0x000002ac7803b6c0 5315       3       javafx.css.converter.InsetsConverter::convert (121 bytes)
Event: 381.179 Thread 0x000002ac7803b6c0 nmethod 5315 0x000002ac00ac8f90 code [0x000002ac00ac9260, 0x000002ac00aca150]
Event: 381.182 Thread 0x000002ac7803b6c0 5317       3       com.sun.marlin.TransformingPathConsumer2D$PathClipFilter::moveTo (53 bytes)
Event: 381.183 Thread 0x000002ac7803b6c0 nmethod 5317 0x000002ac00aca690 code [0x000002ac00aca840, 0x000002ac00acaa08]
Event: 381.183 Thread 0x000002ac7803b6c0 5318       3       com.sun.prism.impl.ManagedResource::unlock (15 bytes)
Event: 381.183 Thread 0x000002ac7803b6c0 nmethod 5318 0x000002ac00acab10 code [0x000002ac00acace0, 0x000002ac00acaf78]
Event: 381.278 Thread 0x000002ac7801ddd0 nmethod 5303 0x000002ac07d01110 code [0x000002ac07d014c0, 0x000002ac07d03a38]
Event: 381.279 Thread 0x000002ac7801ddd0 5313       4       com.sun.javafx.css.ParsedValueImpl::containsFontRelativeSize (231 bytes)
Event: 381.299 Thread 0x000002ac7801ddd0 nmethod 5313 0x000002ac07d05190 code [0x000002ac07d053e0, 0x000002ac07d05c78]
Event: 381.299 Thread 0x000002ac7801ddd0 5316       4       java.util.WeakHashMap::get (75 bytes)
Event: 381.307 Thread 0x000002ac7801ddd0 nmethod 5316 0x000002ac07d06390 code [0x000002ac07d06560, 0x000002ac07d06898]
Event: 381.308 Thread 0x000002ac7801ddd0 5304       4       com.sun.javafx.css.ParsedValueImpl::convert (24 bytes)
Event: 381.309 Thread 0x000002ac7801ddd0 nmethod 5304 0x000002ac07d06b90 code [0x000002ac07d06d20, 0x000002ac07d06de8]
Event: 381.309 Thread 0x000002ac7801ddd0 5311       4       javafx.scene.CssStyleHelper::resolveRef (134 bytes)
Event: 381.364 Thread 0x000002ac7803b6c0 5319       3       com.sun.javafx.scene.layout.RegionHelper::pickNodeLocalImpl (12 bytes)
Event: 381.365 Thread 0x000002ac7803b6c0 nmethod 5319 0x000002ac00acb090 code [0x000002ac00acb260, 0x000002ac00acb548]
Event: 381.371 Thread 0x000002ac7803b6c0 5320   !   3       javafx.scene.Node::pickNode (130 bytes)
Event: 381.373 Thread 0x000002ac7803b6c0 nmethod 5320 0x000002ac00acb690 code [0x000002ac00acb940, 0x000002ac00acc7f8]

GC Heap History (10 events):
Event: 0.934 GC heap before
{Heap before GC invocations=0 (full 0):
 garbage-first heap   total 57344K, used 13312K [0x00000000c8e00000, 0x0000000100000000)
  region size 1024K, 13 young (13312K), 0 survivors (0K)
 Metaspace       used 1053K, committed 1216K, reserved 1114112K
  class space    used 81K, committed 192K, reserved 1048576K
}
Event: 0.941 GC heap after
{Heap after GC invocations=1 (full 0):
 garbage-first heap   total 57344K, used 1416K [0x00000000c8e00000, 0x0000000100000000)
  region size 1024K, 2 young (2048K), 2 survivors (2048K)
 Metaspace       used 1053K, committed 1216K, reserved 1114112K
  class space    used 81K, committed 192K, reserved 1048576K
}
Event: 2.648 GC heap before
{Heap before GC invocations=1 (full 0):
 garbage-first heap   total 57344K, used 20872K [0x00000000c8e00000, 0x0000000100000000)
  region size 1024K, 22 young (22528K), 2 survivors (2048K)
 Metaspace       used 6689K, committed 6912K, reserved 1114112K
  class space    used 751K, committed 896K, reserved 1048576K
}
Event: 2.663 GC heap after
{Heap after GC invocations=2 (full 0):
 garbage-first heap   total 57344K, used 4989K [0x00000000c8e00000, 0x0000000100000000)
  region size 1024K, 3 young (3072K), 3 survivors (3072K)
 Metaspace       used 6689K, committed 6912K, reserved 1114112K
  class space    used 751K, committed 896K, reserved 1048576K
}
Event: 3.759 GC heap before
{Heap before GC invocations=2 (full 0):
 garbage-first heap   total 57344K, used 29565K [0x00000000c8e00000, 0x0000000100000000)
  region size 1024K, 28 young (28672K), 3 survivors (3072K)
 Metaspace       used 11638K, committed 11968K, reserved 1114112K
  class space    used 1570K, committed 1728K, reserved 1048576K
}
Event: 3.774 GC heap after
{Heap after GC invocations=3 (full 0):
 garbage-first heap   total 57344K, used 7916K [0x00000000c8e00000, 0x0000000100000000)
  region size 1024K, 3 young (3072K), 3 survivors (3072K)
 Metaspace       used 11638K, committed 11968K, reserved 1114112K
  class space    used 1570K, committed 1728K, reserved 1048576K
}
Event: 184.263 GC heap before
{Heap before GC invocations=3 (full 0):
 garbage-first heap   total 57344K, used 39660K [0x00000000c8e00000, 0x0000000100000000)
  region size 1024K, 33 young (33792K), 3 survivors (3072K)
 Metaspace       used 15867K, committed 16192K, reserved 1114112K
  class space    used 2292K, committed 2432K, reserved 1048576K
}
Event: 184.366 GC heap after
{Heap after GC invocations=4 (full 0):
 garbage-first heap   total 57344K, used 11607K [0x00000000c8e00000, 0x0000000100000000)
  region size 1024K, 5 young (5120K), 5 survivors (5120K)
 Metaspace       used 15867K, committed 16192K, reserved 1114112K
  class space    used 2292K, committed 2432K, reserved 1048576K
}
Event: 331.700 GC heap before
{Heap before GC invocations=4 (full 0):
 garbage-first heap   total 57344K, used 33111K [0x00000000c8e00000, 0x0000000100000000)
  region size 1024K, 27 young (27648K), 5 survivors (5120K)
 Metaspace       used 21167K, committed 21504K, reserved 1114112K
  class space    used 2795K, committed 2944K, reserved 1048576K
}
Event: 331.771 GC heap after
{Heap after GC invocations=5 (full 0):
 garbage-first heap   total 57344K, used 14066K [0x00000000c8e00000, 0x0000000100000000)
  region size 1024K, 4 young (4096K), 4 survivors (4096K)
 Metaspace       used 21167K, committed 21504K, reserved 1114112K
  class space    used 2795K, committed 2944K, reserved 1048576K
}

Dll operation events (20 events):
Event: 1.541 Loaded shared library C:\Users\Ёлиза\.openjfx\cache\21-ea+null\amd64\api-ms-win-crt-locale-l1-1-0.dll
Event: 1.551 Loaded shared library C:\Users\Ёлиза\.openjfx\cache\21-ea+null\amd64\api-ms-win-crt-math-l1-1-0.dll
Event: 1.561 Loaded shared library C:\Users\Ёлиза\.openjfx\cache\21-ea+null\amd64\api-ms-win-crt-multibyte-l1-1-0.dll
Event: 1.572 Loaded shared library C:\Users\Ёлиза\.openjfx\cache\21-ea+null\amd64\api-ms-win-crt-private-l1-1-0.dll
Event: 1.580 Loaded shared library C:\Users\Ёлиза\.openjfx\cache\21-ea+null\amd64\api-ms-win-crt-process-l1-1-0.dll
Event: 1.590 Loaded shared library C:\Users\Ёлиза\.openjfx\cache\21-ea+null\amd64\api-ms-win-crt-runtime-l1-1-0.dll
Event: 1.599 Loaded shared library C:\Users\Ёлиза\.openjfx\cache\21-ea+null\amd64\api-ms-win-crt-stdio-l1-1-0.dll
Event: 1.608 Loaded shared library C:\Users\Ёлиза\.openjfx\cache\21-ea+null\amd64\api-ms-win-crt-string-l1-1-0.dll
Event: 1.617 Loaded shared library C:\Users\Ёлиза\.openjfx\cache\21-ea+null\amd64\api-ms-win-crt-time-l1-1-0.dll
Event: 1.626 Loaded shared library C:\Users\Ёлиза\.openjfx\cache\21-ea+null\amd64\api-ms-win-crt-utility-l1-1-0.dll
Event: 1.658 Loaded shared library C:\Users\Ёлиза\.openjfx\cache\21-ea+null\amd64\ucrtbase.dll
Event: 1.669 Loaded shared library C:\Users\Ёлиза\.openjfx\cache\21-ea+null\amd64\vcruntime140.dll
Event: 1.679 Loaded shared library C:\Users\Ёлиза\.openjfx\cache\21-ea+null\amd64\vcruntime140_1.dll
Event: 1.716 Loaded shared library C:\Users\Ёлиза\.openjfx\cache\21-ea+null\amd64\msvcp140.dll
Event: 1.727 Loaded shared library C:\Users\Ёлиза\.openjfx\cache\21-ea+null\amd64\msvcp140_1.dll
Event: 1.743 Loaded shared library C:\Users\Ёлиза\.openjfx\cache\21-ea+null\amd64\msvcp140_2.dll
Event: 1.862 Loaded shared library C:\Users\Ёлиза\.openjfx\cache\21-ea+null\amd64\prism_d3d.dll
Event: 2.107 Loaded shared library C:\Users\Ёлиза\.openjfx\cache\21-ea+null\amd64\glass.dll
Event: 2.899 Loaded shared library C:\Users\Ёлиза\.openjfx\cache\21-ea+null\amd64\javafx_font.dll
Event: 331.936 Loaded shared library D:\Program Files\Java\jdk-21\bin\sunmscapi.dll

Deoptimization events (20 events):
Event: 344.279 Thread 0x000002ac78c80220 DEOPT PACKING pc=0x000002ac07c522bc sp=0x000000d654bfcdc0
Event: 344.279 Thread 0x000002ac78c80220 DEOPT UNPACKING pc=0x000002ac075846a2 sp=0x000000d654bfcc08 mode 2
Event: 369.164 Thread 0x000002ac78c80220 DEOPT PACKING pc=0x000002ac003a2dc8 sp=0x000000d654bfcdd0
Event: 369.165 Thread 0x000002ac78c80220 DEOPT UNPACKING pc=0x000002ac07584e42 sp=0x000000d654bfc188 mode 0
Event: 369.172 Thread 0x000002ac78c80220 DEOPT PACKING pc=0x000002ac00ab4058 sp=0x000000d654bfcef0
Event: 369.172 Thread 0x000002ac78c80220 DEOPT UNPACKING pc=0x000002ac07584e42 sp=0x000000d654bfc340 mode 0
Event: 371.564 Thread 0x000002ac520ac4a0 Uncommon trap: trap_request=0xffffff45 fr.pc=0x000002ac07cfc560 relative=0x00000000000010a0
Event: 371.564 Thread 0x000002ac520ac4a0 Uncommon trap: reason=unstable_if action=reinterpret pc=0x000002ac07cfc560 method=com.sun.javafx.tk.quantum.QuantumToolkit.postPulse()V @ 88 c2
Event: 371.564 Thread 0x000002ac520ac4a0 DEOPT PACKING pc=0x000002ac07cfc560 sp=0x000000d6554ff160
Event: 371.639 Thread 0x000002ac520ac4a0 DEOPT UNPACKING pc=0x000002ac075846a2 sp=0x000000d6554ff138 mode 2
Event: 381.166 Thread 0x000002ac78d3fb10 Uncommon trap: trap_request=0xffffff45 fr.pc=0x000002ac07c6cba8 relative=0x00000000000002c8
Event: 381.166 Thread 0x000002ac78d3fb10 Uncommon trap: reason=unstable_if action=reinterpret pc=0x000002ac07c6cba8 method=javafx.scene.Node$MiscProperties.isMouseTransparent()Z @ 4 c2
Event: 381.166 Thread 0x000002ac78d3fb10 DEOPT PACKING pc=0x000002ac07c6cba8 sp=0x000000d654ffb150
Event: 381.166 Thread 0x000002ac78d3fb10 DEOPT UNPACKING pc=0x000002ac075846a2 sp=0x000000d654ffad58 mode 2
Event: 381.180 Thread 0x000002ac78d3fb10 Uncommon trap: trap_request=0xffffff45 fr.pc=0x000002ac07c67c1c relative=0x000000000000009c
Event: 381.180 Thread 0x000002ac78d3fb10 Uncommon trap: reason=unstable_if action=reinterpret pc=0x000002ac07c67c1c method=javafx.scene.Node$MiscProperties.isMouseTransparent()Z @ 4 c2
Event: 381.180 Thread 0x000002ac78d3fb10 DEOPT PACKING pc=0x000002ac07c67c1c sp=0x000000d654ffa8e0
Event: 381.180 Thread 0x000002ac78d3fb10 DEOPT UNPACKING pc=0x000002ac075846a2 sp=0x000000d654ffa780 mode 2
Event: 381.180 Thread 0x000002ac78c80220 DEOPT PACKING pc=0x000002ac00ab4058 sp=0x000000d654bfd2a0
Event: 381.180 Thread 0x000002ac78c80220 DEOPT UNPACKING pc=0x000002ac07584e42 sp=0x000000d654bfc6f0 mode 0

Classes loaded (20 events):
Event: 332.804 Loading class java/time/DateTimeException done
Event: 332.804 Loading class java/time/format/DateTimeParseException done
Event: 332.891 Loading class java/util/RegularEnumSet$EnumSetIterator
Event: 332.892 Loading class java/util/RegularEnumSet$EnumSetIterator done
Event: 343.449 Loading class java/time/format/FormatStyle
Event: 343.450 Loading class java/time/format/FormatStyle done
Event: 343.528 Loading class sun/security/ssl/Alert
Event: 343.528 Loading class sun/security/ssl/Alert done
Event: 343.529 Loading class sun/security/ssl/Alert$AlertConsumer
Event: 343.529 Loading class sun/security/ssl/Alert$AlertConsumer done
Event: 343.529 Loading class sun/security/ssl/Alert$Level
Event: 343.529 Loading class sun/security/ssl/Alert$Level done
Event: 343.612 Loading class java/util/BitSet
Event: 343.613 Loading class java/util/BitSet done
Event: 343.615 Loading class java/util/BitSet$1BitSetSpliterator
Event: 343.615 Loading class java/util/BitSet$1BitSetSpliterator done
Event: 343.617 Loading class java/util/stream/IntPipeline$1
Event: 343.617 Loading class java/util/stream/IntPipeline$1 done
Event: 343.617 Loading class java/util/stream/IntPipeline$1$1
Event: 343.618 Loading class java/util/stream/IntPipeline$1$1 done

Classes unloaded (0 events):
No events

Classes redefined (0 events):
No events

Internal exceptions (20 events):
Event: 298.618 Thread 0x000002ac78d3fb10 Exception <a 'java/io/FileNotFoundException'{0x00000000cbd1a130}> (0x00000000cbd1a130) 
thrown [s\open\src\hotspot\share\prims\jni.cpp, line 520]
Event: 330.562 Thread 0x000002ac78d3fb10 Exception <a 'sun/nio/fs/WindowsException'{0x00000000cb854520}> (0x00000000cb854520) 
thrown [s\open\src\hotspot\share\prims\jni.cpp, line 520]
Event: 330.725 Thread 0x000002ac78d3fb10 Exception <a 'java/lang/NoSuchMethodError'{0x00000000cb70a2b0}: 'java.lang.Object java.lang.invoke.DirectMethodHandle$Holder.invokeInterface(java.lang.Object, java.lang.Object)'> (0x00000000cb70a2b0) 
thrown [s\open\src\hotspot\share\interpreter\linkResolver.cpp, line 773]
Event: 330.741 Thread 0x000002ac78d3fb10 Exception <a 'sun/nio/fs/WindowsException'{0x00000000cb713a50}> (0x00000000cb713a50) 
thrown [s\open\src\hotspot\share\prims\jni.cpp, line 520]
Event: 330.744 Thread 0x000002ac78d3fb10 Exception <a 'sun/nio/fs/WindowsException'{0x00000000cb715fb0}> (0x00000000cb715fb0) 
thrown [s\open\src\hotspot\share\prims\jni.cpp, line 520]
Event: 330.777 Thread 0x000002ac78d3fb10 Exception <a 'sun/nio/fs/WindowsException'{0x00000000cb773190}> (0x00000000cb773190) 
thrown [s\open\src\hotspot\share\prims\jni.cpp, line 520]
Event: 330.780 Thread 0x000002ac78d3fb10 Exception <a 'sun/nio/fs/WindowsException'{0x00000000cb775b50}> (0x00000000cb775b50) 
thrown [s\open\src\hotspot\share\prims\jni.cpp, line 520]
Event: 331.070 Thread 0x000002ac78d3fb10 Exception <a 'sun/nio/fs/WindowsException'{0x00000000cb476220}> (0x00000000cb476220) 
thrown [s\open\src\hotspot\share\prims\jni.cpp, line 520]
Event: 331.372 Thread 0x000002ac78d3fb10 Exception <a 'sun/nio/fs/WindowsException'{0x00000000cb2e4ce8}> (0x00000000cb2e4ce8) 
thrown [s\open\src\hotspot\share\prims\jni.cpp, line 520]
Event: 331.520 Thread 0x000002ac78d3fb10 Exception <a 'sun/nio/fs/WindowsException'{0x00000000cb1d9b60}> (0x00000000cb1d9b60) 
thrown [s\open\src\hotspot\share\prims\jni.cpp, line 520]
Event: 331.540 Thread 0x000002ac78d3fb10 Exception <a 'sun/nio/fs/WindowsException'{0x00000000cb1ea7e0}> (0x00000000cb1ea7e0) 
thrown [s\open\src\hotspot\share\prims\jni.cpp, line 520]
Event: 331.658 Thread 0x000002ac78d3fb10 Exception <a 'java/lang/NoSuchMethodError'{0x00000000cb086a88}: 'java.lang.Object java.lang.invoke.DirectMethodHandle$Holder.invokeStaticInit(java.lang.Object, int, int, int, int)'> (0x00000000cb086a88) 
thrown [s\open\src\hotspot\share\interpreter\linkResolver.cpp, line 773]
Event: 331.862 Thread 0x000002ac78d3fb10 Exception <a 'java/lang/NoSuchMethodError'{0x00000000cc5915d8}: 'java.lang.Object java.lang.invoke.DirectMethodHandle$Holder.invokeStaticInit(java.lang.Object, java.lang.Object, int, int, int, int)'> (0x00000000cc5915d8) 
thrown [s\open\src\hotspot\share\interpreter\linkResolver.cpp, line 773]
Event: 333.052 Thread 0x000002ac78d3fb10 Implicit null exception at 0x000002ac07c656d4 to 0x000002ac07c65c3c
Event: 333.053 Thread 0x000002ac78d3fb10 Implicit null exception at 0x000002ac07c58112 to 0x000002ac07c5885c
Event: 335.086 Thread 0x000002ac78d3fb10 Exception <a 'java/io/FileNotFoundException'{0x00000000cb930260}> (0x00000000cb930260) 
thrown [s\open\src\hotspot\share\prims\jni.cpp, line 520]
Event: 343.531 Thread 0x000002ac78d3fb10 Exception <a 'java/lang/NoSuchMethodError'{0x00000000cb6dcf48}: 'void java.lang.invoke.DirectMethodHandle$Holder.invokeInterface(java.lang.Object, java.lang.Object)'> (0x00000000cb6dcf48) 
thrown [s\open\src\hotspot\share\interpreter\linkResolver.cpp, line 773]
Event: 343.548 Thread 0x000002ac78d3fb10 Exception <a 'java/lang/ClassNotFoundException'{0x00000000cb555d58}: com/sun/javafx/scene/control/skin/resources/controls-nt> (0x00000000cb555d58) 
thrown [s\open\src\hotspot\share\prims\jni.cpp, line 539]
Event: 343.549 Thread 0x000002ac78d3fb10 Exception <a 'java/lang/ClassNotFoundException'{0x00000000cb55e3a0}: com/sun/javafx/scene/control/skin/resources/controls-nt_ru> (0x00000000cb55e3a0) 
thrown [s\open\src\hotspot\share\prims\jni.cpp, line 539]
Event: 343.550 Thread 0x000002ac78d3fb10 Exception <a 'java/lang/ClassNotFoundException'{0x00000000cb55f608}: com/sun/javafx/scene/control/skin/resources/controls-nt_ru_RU> (0x00000000cb55f608) 
thrown [s\open\src\hotspot\share\prims\jni.cpp, line 539]

ZGC Phase Switch (0 events):
No events

VM Operations (20 events):
Event: 343.634 Executing VM operation: HandshakeAllThreads (Deoptimize)
Event: 343.634 Executing VM operation: HandshakeAllThreads (Deoptimize) done
Event: 343.654 Executing VM operation: HandshakeAllThreads (Deoptimize)
Event: 343.654 Executing VM operation: HandshakeAllThreads (Deoptimize) done
Event: 344.216 Executing VM operation: HandshakeAllThreads (Deoptimize)
Event: 344.216 Executing VM operation: HandshakeAllThreads (Deoptimize) done
Event: 344.216 Executing VM operation: Cleanup
Event: 344.216 Executing VM operation: Cleanup done
Event: 346.216 Executing VM operation: Cleanup
Event: 346.216 Executing VM operation: Cleanup done
Event: 360.373 Executing VM operation: HandshakeAllThreads (HandshakeForDeflation)
Event: 360.373 Executing VM operation: HandshakeAllThreads (HandshakeForDeflation) done
Event: 360.373 Executing VM operation: RendezvousGCThreads
Event: 360.373 Executing VM operation: RendezvousGCThreads done
Event: 372.378 Executing VM operation: Cleanup
Event: 372.378 Executing VM operation: Cleanup done
Event: 380.382 Executing VM operation: Cleanup
Event: 380.382 Executing VM operation: Cleanup done
Event: 381.382 Executing VM operation: Cleanup
Event: 381.382 Executing VM operation: Cleanup done

Events (20 events):
Event: 0.088 Thread 0x000002ac6a718bb0 Thread added: 0x000002ac6a718bb0
Event: 0.169 Thread 0x000002ac78013500 Thread added: 0x000002ac78013500
Event: 0.169 Thread 0x000002ac78015430 Thread added: 0x000002ac78015430
Event: 0.170 Thread 0x000002ac7801b120 Thread added: 0x000002ac7801b120
Event: 0.170 Thread 0x000002ac7801bb80 Thread added: 0x000002ac7801bb80
Event: 0.170 Thread 0x000002ac7801c5e0 Thread added: 0x000002ac7801c5e0
Event: 0.170 Thread 0x000002ac7801d040 Thread added: 0x000002ac7801d040
Event: 0.171 Thread 0x000002ac7801ddd0 Thread added: 0x000002ac7801ddd0
Event: 0.173 Thread 0x000002ac7803b6c0 Thread added: 0x000002ac7803b6c0
Event: 0.268 Thread 0x000002ac7821fae0 Thread added: 0x000002ac7821fae0
Event: 0.933 Thread 0x000002ac78744c70 Thread added: 0x000002ac78744c70
Event: 0.933 Thread 0x000002ac787452e0 Thread added: 0x000002ac787452e0
Event: 1.825 Thread 0x000002ac78c80220 Thread added: 0x000002ac78c80220
Event: 2.112 Thread 0x000002ac78d19fc0 Thread added: 0x000002ac78d19fc0
Event: 2.118 Thread 0x000002ac78d3fb10 Thread added: 0x000002ac78d3fb10
Event: 2.453 Thread 0x000002ac520ac4a0 Thread added: 0x000002ac520ac4a0
Event: 2.489 Thread 0x000002ac520beeb0 Thread added: 0x000002ac520beeb0
Event: 3.828 Thread 0x000002ac522af050 Thread added: 0x000002ac522af050
Event: 4.399 Thread 0x000002ac522b1e40 Thread added: 0x000002ac522b1e40
Event: 330.550 Thread 0x000002ac522ae9c0 Thread added: 0x000002ac522ae9c0


Dynamic libraries:
0x00007ff78fbf0000 - 0x00007ff78fc00000 	D:\Program Files\Java\jdk-21\bin\java.exe
0x00007fffb6e30000 - 0x00007fffb7028000 	C:\Windows\SYSTEM32\ntdll.dll
0x00007fffb5f60000 - 0x00007fffb601d000 	C:\Windows\System32\KERNEL32.DLL
0x00007fffb4750000 - 0x00007fffb4a46000 	C:\Windows\System32\KERNELBASE.dll
0x00007fffb4ba0000 - 0x00007fffb4ca0000 	C:\Windows\System32\ucrtbase.dll
0x00007fffaee50000 - 0x00007fffaee69000 	D:\Program Files\Java\jdk-21\bin\jli.dll
0x00007fffb5b00000 - 0x00007fffb5baf000 	C:\Windows\System32\ADVAPI32.dll
0x00007fffb6260000 - 0x00007fffb62fe000 	C:\Windows\System32\msvcrt.dll
0x00007fffb5a60000 - 0x00007fffb5afc000 	C:\Windows\System32\sechost.dll
0x00007fffb60a0000 - 0x00007fffb61c6000 	C:\Windows\System32\RPCRT4.dll
0x00007fff94170000 - 0x00007fff9418b000 	D:\Program Files\Java\jdk-21\bin\VCRUNTIME140.dll
0x00007fffa4fb0000 - 0x00007fffa524a000 	C:\Windows\WinSxS\amd64_microsoft.windows.common-controls_6595b64144ccf1df_6.0.19041.3636_none_60b6a03d71f818d5\COMCTL32.dll
0x00007fffb66c0000 - 0x00007fffb66ec000 	C:\Windows\System32\GDI32.dll
0x00007fffb4720000 - 0x00007fffb4742000 	C:\Windows\System32\win32u.dll
0x00007fffb4560000 - 0x00007fffb467a000 	C:\Windows\System32\gdi32full.dll
0x00007fffb5d90000 - 0x00007fffb5f2e000 	C:\Windows\System32\USER32.dll
0x00007fffb4680000 - 0x00007fffb471d000 	C:\Windows\System32\msvcp_win.dll
0x00007fffac160000 - 0x00007fffac16a000 	C:\Windows\SYSTEM32\VERSION.dll
0x00007fffb6dc0000 - 0x00007fffb6df0000 	C:\Windows\System32\IMM32.DLL
0x00007fff94160000 - 0x00007fff9416c000 	D:\Program Files\Java\jdk-21\bin\vcruntime140_1.dll
0x00007fff5f200000 - 0x00007fff5f28e000 	D:\Program Files\Java\jdk-21\bin\msvcp140.dll
0x00007fff5e000000 - 0x00007fff5ed13000 	D:\Program Files\Java\jdk-21\bin\server\jvm.dll
0x00007fffb6d40000 - 0x00007fffb6dab000 	C:\Windows\System32\WS2_32.dll
0x00007fffb4370000 - 0x00007fffb43bb000 	C:\Windows\SYSTEM32\POWRPROF.dll
0x00007fffa9990000 - 0x00007fffa99b7000 	C:\Windows\SYSTEM32\WINMM.dll
0x00007fffb4350000 - 0x00007fffb4362000 	C:\Windows\SYSTEM32\UMPDC.dll
0x00007fffb23d0000 - 0x00007fffb23e2000 	C:\Windows\SYSTEM32\kernel.appcore.dll
0x00007fff85e10000 - 0x00007fff85e1a000 	D:\Program Files\Java\jdk-21\bin\jimage.dll
0x00007fffa1e40000 - 0x00007fffa2024000 	C:\Windows\SYSTEM32\DBGHELP.DLL
0x00007fffa1dd0000 - 0x00007fffa1e04000 	C:\Windows\SYSTEM32\dbgcore.DLL
0x00007fffb4e00000 - 0x00007fffb4e82000 	C:\Windows\System32\bcryptPrimitives.dll
0x00007fffaf3f0000 - 0x00007fffaf3ff000 	D:\Program Files\Java\jdk-21\bin\instrument.dll
0x00007fff85df0000 - 0x00007fff85e0f000 	D:\Program Files\Java\jdk-21\bin\java.dll
0x00007fffb5040000 - 0x00007fffb5784000 	C:\Windows\System32\SHELL32.dll
0x00007fffb25d0000 - 0x00007fffb2d6b000 	C:\Windows\SYSTEM32\windows.storage.dll
0x00007fffb6300000 - 0x00007fffb6654000 	C:\Windows\System32\combase.dll
0x00007fffb3e80000 - 0x00007fffb3ead000 	C:\Windows\SYSTEM32\Wldp.dll
0x00007fffb5c20000 - 0x00007fffb5ccd000 	C:\Windows\System32\SHCORE.dll
0x00007fffb6660000 - 0x00007fffb66b5000 	C:\Windows\System32\shlwapi.dll
0x00007fffb4440000 - 0x00007fffb4465000 	C:\Windows\SYSTEM32\profapi.dll
0x00007fff5f120000 - 0x00007fff5f1f7000 	D:\Program Files\Java\jdk-21\bin\jsvml.dll
0x00007fff85de0000 - 0x00007fff85df0000 	D:\Program Files\Java\jdk-21\bin\net.dll
0x00007fffac930000 - 0x00007fffaca3a000 	C:\Windows\SYSTEM32\WINHTTP.dll
0x00007fffb3be0000 - 0x00007fffb3c4a000 	C:\Windows\system32\mswsock.dll
0x00007fff5f100000 - 0x00007fff5f116000 	D:\Program Files\Java\jdk-21\bin\nio.dll
0x00007fff5de10000 - 0x00007fff5de28000 	D:\Program Files\Java\jdk-21\bin\zip.dll
0x00007fffaeca0000 - 0x00007fffaecba000 	C:\Program Files\JetBrains\IntelliJ IDEA Community Edition 2023.2.5\bin\breakgen64.dll
0x000002ac78e20000 - 0x000002ac78e23000 	C:\Users\Ёлиза\.openjfx\cache\21-ea+null\amd64\api-ms-win-core-console-l1-1-0.dll
0x000002ac78e30000 - 0x000002ac78e33000 	C:\Users\Ёлиза\.openjfx\cache\21-ea+null\amd64\api-ms-win-core-console-l1-2-0.dll
0x000002ac78e40000 - 0x000002ac78e43000 	C:\Users\Ёлиза\.openjfx\cache\21-ea+null\amd64\api-ms-win-core-datetime-l1-1-0.dll
0x000002ac78e50000 - 0x000002ac78e53000 	C:\Users\Ёлиза\.openjfx\cache\21-ea+null\amd64\api-ms-win-core-debug-l1-1-0.dll
0x000002ac78e60000 - 0x000002ac78e63000 	C:\Users\Ёлиза\.openjfx\cache\21-ea+null\amd64\api-ms-win-core-errorhandling-l1-1-0.dll
0x000002ac78e70000 - 0x000002ac78e74000 	C:\Users\Ёлиза\.openjfx\cache\21-ea+null\amd64\api-ms-win-core-file-l1-1-0.dll
0x000002ac78e80000 - 0x000002ac78e83000 	C:\Users\Ёлиза\.openjfx\cache\21-ea+null\amd64\api-ms-win-core-file-l1-2-0.dll
0x000002ac78e90000 - 0x000002ac78e93000 	C:\Users\Ёлиза\.openjfx\cache\21-ea+null\amd64\api-ms-win-core-file-l2-1-0.dll
0x000002ac78ea0000 - 0x000002ac78ea3000 	C:\Users\Ёлиза\.openjfx\cache\21-ea+null\amd64\api-ms-win-core-handle-l1-1-0.dll
0x000002ac78eb0000 - 0x000002ac78eb3000 	C:\Users\Ёлиза\.openjfx\cache\21-ea+null\amd64\api-ms-win-core-heap-l1-1-0.dll
0x000002ac78ee0000 - 0x000002ac78ee3000 	C:\Users\Ёлиза\.openjfx\cache\21-ea+null\amd64\api-ms-win-core-interlocked-l1-1-0.dll
0x000002ac78ec0000 - 0x000002ac78ec3000 	C:\Users\Ёлиза\.openjfx\cache\21-ea+null\amd64\api-ms-win-core-libraryloader-l1-1-0.dll
0x000002ac78ed0000 - 0x000002ac78ed3000 	C:\Users\Ёлиза\.openjfx\cache\21-ea+null\amd64\api-ms-win-core-localization-l1-2-0.dll
0x000002ac78ef0000 - 0x000002ac78ef3000 	C:\Users\Ёлиза\.openjfx\cache\21-ea+null\amd64\api-ms-win-core-memory-l1-1-0.dll
0x000002ac78f00000 - 0x000002ac78f03000 	C:\Users\Ёлиза\.openjfx\cache\21-ea+null\amd64\api-ms-win-core-namedpipe-l1-1-0.dll
0x000002ac78f10000 - 0x000002ac78f13000 	C:\Users\Ёлиза\.openjfx\cache\21-ea+null\amd64\api-ms-win-core-processenvironment-l1-1-0.dll
0x000002ac78f20000 - 0x000002ac78f23000 	C:\Users\Ёлиза\.openjfx\cache\21-ea+null\amd64\api-ms-win-core-processthreads-l1-1-0.dll
0x000002ac78f30000 - 0x000002ac78f33000 	C:\Users\Ёлиза\.openjfx\cache\21-ea+null\amd64\api-ms-win-core-processthreads-l1-1-1.dll
0x000002ac78f40000 - 0x000002ac78f43000 	C:\Users\Ёлиза\.openjfx\cache\21-ea+null\amd64\api-ms-win-core-profile-l1-1-0.dll
0x000002ac78f50000 - 0x000002ac78f53000 	C:\Users\Ёлиза\.openjfx\cache\21-ea+null\amd64\api-ms-win-core-rtlsupport-l1-1-0.dll
0x000002ac78f60000 - 0x000002ac78f63000 	C:\Users\Ёлиза\.openjfx\cache\21-ea+null\amd64\api-ms-win-core-string-l1-1-0.dll
0x000002ac78f70000 - 0x000002ac78f73000 	C:\Users\Ёлиза\.openjfx\cache\21-ea+null\amd64\api-ms-win-core-synch-l1-1-0.dll
0x000002ac78fa0000 - 0x000002ac78fa3000 	C:\Users\Ёлиза\.openjfx\cache\21-ea+null\amd64\api-ms-win-core-synch-l1-2-0.dll
0x000002ac78fb0000 - 0x000002ac78fb3000 	C:\Users\Ёлиза\.openjfx\cache\21-ea+null\amd64\api-ms-win-core-sysinfo-l1-1-0.dll
0x000002ac78f80000 - 0x000002ac78f83000 	C:\Users\Ёлиза\.openjfx\cache\21-ea+null\amd64\api-ms-win-core-timezone-l1-1-0.dll
0x000002ac78f90000 - 0x000002ac78f93000 	C:\Users\Ёлиза\.openjfx\cache\21-ea+null\amd64\api-ms-win-core-util-l1-1-0.dll
0x000002ac78fc0000 - 0x000002ac78fc3000 	C:\Users\Ёлиза\.openjfx\cache\21-ea+null\amd64\api-ms-win-crt-conio-l1-1-0.dll
0x000002ac78fd0000 - 0x000002ac78fd4000 	C:\Users\Ёлиза\.openjfx\cache\21-ea+null\amd64\api-ms-win-crt-convert-l1-1-0.dll
0x000002ac78fe0000 - 0x000002ac78fe3000 	C:\Users\Ёлиза\.openjfx\cache\21-ea+null\amd64\api-ms-win-crt-environment-l1-1-0.dll
0x000002ac78ff0000 - 0x000002ac78ff3000 	C:\Users\Ёлиза\.openjfx\cache\21-ea+null\amd64\api-ms-win-crt-filesystem-l1-1-0.dll
0x000002ac7d000000 - 0x000002ac7d003000 	C:\Users\Ёлиза\.openjfx\cache\21-ea+null\amd64\api-ms-win-crt-heap-l1-1-0.dll
0x000002ac7d010000 - 0x000002ac7d013000 	C:\Users\Ёлиза\.openjfx\cache\21-ea+null\amd64\api-ms-win-crt-locale-l1-1-0.dll
0x000002ac7d020000 - 0x000002ac7d025000 	C:\Users\Ёлиза\.openjfx\cache\21-ea+null\amd64\api-ms-win-crt-math-l1-1-0.dll
0x000002ac7d030000 - 0x000002ac7d035000 	C:\Users\Ёлиза\.openjfx\cache\21-ea+null\amd64\api-ms-win-crt-multibyte-l1-1-0.dll
0x000002ac7d040000 - 0x000002ac7d050000 	C:\Users\Ёлиза\.openjfx\cache\21-ea+null\amd64\api-ms-win-crt-private-l1-1-0.dll
0x000002ac7d050000 - 0x000002ac7d053000 	C:\Users\Ёлиза\.openjfx\cache\21-ea+null\amd64\api-ms-win-crt-process-l1-1-0.dll
0x000002ac7d060000 - 0x000002ac7d064000 	C:\Users\Ёлиза\.openjfx\cache\21-ea+null\amd64\api-ms-win-crt-runtime-l1-1-0.dll
0x000002ac7d070000 - 0x000002ac7d074000 	C:\Users\Ёлиза\.openjfx\cache\21-ea+null\amd64\api-ms-win-crt-stdio-l1-1-0.dll
0x000002ac7d080000 - 0x000002ac7d084000 	C:\Users\Ёлиза\.openjfx\cache\21-ea+null\amd64\api-ms-win-crt-string-l1-1-0.dll
0x000002ac7d090000 - 0x000002ac7d093000 	C:\Users\Ёлиза\.openjfx\cache\21-ea+null\amd64\api-ms-win-crt-time-l1-1-0.dll
0x000002ac7d0a0000 - 0x000002ac7d0a3000 	C:\Users\Ёлиза\.openjfx\cache\21-ea+null\amd64\api-ms-win-crt-utility-l1-1-0.dll
0x00007fffae890000 - 0x00007fffae98c000 	C:\Users\Ёлиза\.openjfx\cache\21-ea+null\amd64\ucrtbase.dll
0x00007fffae870000 - 0x00007fffae88b000 	C:\Users\Ёлиза\.openjfx\cache\21-ea+null\amd64\vcruntime140.dll
0x00007fffaf3e0000 - 0x00007fffaf3ec000 	C:\Users\Ёлиза\.openjfx\cache\21-ea+null\amd64\vcruntime140_1.dll
0x00007fffae7e0000 - 0x00007fffae86e000 	C:\Users\Ёлиза\.openjfx\cache\21-ea+null\amd64\msvcp140.dll
0x00007fffb66f0000 - 0x00007fffb681b000 	C:\Windows\System32\ole32.dll
0x00007fffaeec0000 - 0x00007fffaeec9000 	C:\Users\Ёлиза\.openjfx\cache\21-ea+null\amd64\msvcp140_1.dll
0x00007fffa4090000 - 0x00007fffa40bf000 	C:\Users\Ёлиза\.openjfx\cache\21-ea+null\amd64\msvcp140_2.dll
0x00007fffa4060000 - 0x00007fffa408f000 	C:\Users\Ёлиза\.openjfx\cache\21-ea+null\amd64\prism_d3d.dll
0x00007fff8c270000 - 0x00007fff8c43d000 	C:\Windows\system32\d3d9.dll
0x00007fffb22c0000 - 0x00007fffb22ef000 	C:\Windows\SYSTEM32\dwmapi.dll
0x00007fffb1f00000 - 0x00007fffb1f9e000 	C:\Windows\system32\uxtheme.dll
0x00007fffa9530000 - 0x00007fffa970b000 	C:\Windows\System32\DriverStore\FileRepository\u0357645.inf_amd64_3c66802dbd4d45a0\B357435\aticfx64.dll
0x00007fffa4020000 - 0x00007fffa4053000 	C:\Windows\System32\DriverStore\FileRepository\u0357645.inf_amd64_3c66802dbd4d45a0\B357435\atiu9p64.dll
0x00007fff8b5d0000 - 0x00007fff8c266000 	C:\Windows\System32\DriverStore\FileRepository\u0357645.inf_amd64_3c66802dbd4d45a0\B357435\atiumd64.dll
0x000000006c8a0000 - 0x000000006d71d000 	C:\Windows\System32\DriverStore\FileRepository\u0357645.inf_amd64_3c66802dbd4d45a0\B357435\atiumd6a.dll
0x00007fffa9900000 - 0x00007fffa992f000 	C:\Windows\SYSTEM32\amdihk64.dll
0x00007fffa3fd0000 - 0x00007fffa4012000 	C:\Users\Ёлиза\.openjfx\cache\21-ea+null\amd64\glass.dll
0x00007fffb4e90000 - 0x00007fffb4f6a000 	C:\Windows\System32\COMDLG32.dll
0x00007fffb4f70000 - 0x00007fffb503d000 	C:\Windows\System32\OLEAUT32.dll
0x00007fffb5940000 - 0x00007fffb5a54000 	C:\Windows\System32\MSCTF.dll
0x00007fffa6570000 - 0x00007fffa65ab000 	C:\Windows\SYSTEM32\dxcore.dll
0x00007fffb4510000 - 0x00007fffb455e000 	C:\Windows\System32\cfgmgr32.dll
0x00007fffa3fa0000 - 0x00007fffa3fb4000 	C:\Users\Ёлиза\.openjfx\cache\21-ea+null\amd64\javafx_font.dll
0x00007fffa6fe0000 - 0x00007fffa725f000 	C:\Windows\SYSTEM32\dwrite.dll
0x00007fffb6820000 - 0x00007fffb68c9000 	C:\Windows\System32\clbcatq.dll
0x00007fffa9ab0000 - 0x00007fffa9c64000 	C:\Windows\SYSTEM32\WindowsCodecs.dll
0x00007fffb4b70000 - 0x00007fffb4b97000 	C:\Windows\System32\bcrypt.dll
0x00007fff8f630000 - 0x00007fff8f66e000 	C:\Windows\system32\dataexchange.dll
0x00007fffb1030000 - 0x00007fffb1213000 	C:\Windows\system32\dcomp.dll
0x00007fffb0d70000 - 0x00007fffb0fd3000 	C:\Windows\system32\d3d11.dll
0x00007fffb2dd0000 - 0x00007fffb2ec3000 	C:\Windows\system32\dxgi.dll
0x00007fffad0b0000 - 0x00007fffad2b7000 	C:\Windows\system32\twinapi.appcore.dll
0x00007fffa3f60000 - 0x00007fffa3f94000 	C:\Program Files\Common Files\Microsoft Shared\Ink\rtscom.dll
0x00007fffab880000 - 0x00007fffab97a000 	C:\Windows\SYSTEM32\textinputframework.dll
0x00007fffb1830000 - 0x00007fffb1b8b000 	C:\Windows\System32\CoreUIComponents.dll
0x00007fffb1c90000 - 0x00007fffb1d82000 	C:\Windows\System32\CoreMessaging.dll
0x00007fffb3650000 - 0x00007fffb3683000 	C:\Windows\SYSTEM32\ntmarta.dll
0x00007fffb15f0000 - 0x00007fffb1745000 	C:\Windows\SYSTEM32\wintypes.dll
0x00007fffb3910000 - 0x00007fffb39da000 	C:\Windows\SYSTEM32\DNSAPI.dll
0x00007fffb38d0000 - 0x00007fffb390b000 	C:\Windows\SYSTEM32\IPHLPAPI.DLL

dbghelp: loaded successfully - version: 4.0.5 - missing functions: none
symbol engine: initialized successfully - sym options: 0x614 - pdb path: .;D:\Program Files\Java\jdk-21\bin;C:\Windows\SYSTEM32;C:\Windows\WinSxS\amd64_microsoft.windows.common-controls_6595b64144ccf1df_6.0.19041.3636_none_60b6a03d71f818d5;D:\Program Files\Java\jdk-21\bin\server;C:\Program Files\JetBrains\IntelliJ IDEA Community Edition 2023.2.5\bin;C:\Users\Ёлиза\.openjfx\cache\21-ea+null\amd64;C:\Windows\System32\DriverStore\FileRepository\u0357645.inf_amd64_3c66802dbd4d45a0\B357435;C:\Program Files\Common Files\Microsoft Shared\Ink

VM Arguments:
jvm_args: -javaagent:C:\Program Files\JetBrains\IntelliJ IDEA Community Edition 2023.2.5\lib\idea_rt.jar=50172:C:\Program Files\JetBrains\IntelliJ IDEA Community Edition 2023.2.5\bin -Dfile.encoding=UTF-8 -Dsun.stdout.encoding=UTF-8 -Dsun.stderr.encoding=UTF-8 --module-path=C:\Users\Ёлиза\.m2\repository\com\github\almasb\fxgl-io\17.2\fxgl-io-17.2.jar;C:\Users\Ёлиза\.m2\repository\org\openjfx\javafx-controls\21-ea+24\javafx-controls-21-ea+24-win.jar;C:\Users\Ёлиза\.m2\repository\eu\hansolo\toolboxfx\17.0.33\toolboxfx-17.0.33.jar;C:\Users\Ёлиза\.m2\repository\org\openjfx\javafx-media\21-ea+24\javafx-media-21-ea+24-win.jar;C:\Users\Ёлиза\.m2\repository\com\gluonhq\attach\audio\4.0.13\audio-4.0.13.jar;C:\Users\Ёлиза\.m2\repository\com\gluonhq\attach\lifecycle\4.0.13\lifecycle-4.0.13.jar;C:\Users\Ёлиза\.m2\repository\com\gluonhq\attach\util\4.0.13\util-4.0.13.jar;C:\Users\Ёлиза\IdeaProjects\credit\target\classes;C:\Users\Ёлиза\.m2\repository\com\gluonhq\attach\storage\4.0.13\storage-4.0.13.jar;C:\Users\Ёлиза\.m2\repository\com\github\almasb\fxgl-gameplay\17.2\fxgl-gameplay-17.2.jar;C:\Users\Ёлиза\.m2\repository\com\fasterxml\jackson\core\jackson-annotations\2.12.1\jackson-annotations-2.12.1.jar;C:\Users\Ёлиза\.m2\repository\org\kordamp\ikonli\ikonli-core\12.3.1\ikonli-core-12.3.1.jar;C:\Users\Ёлиза\.m2\repository\org\openjfx\javafx-web\21-ea+24\javafx-web-21-ea+24-win.jar;C:\Users\Ёлиза\.m2\repository\org\openjfx\javafx-fxml\21-ea+24\javafx-fxml-21-ea+24-win.jar;C:\Users\Ёлиза\.m2\repository\com\dlsc\formsfx\formsfx-core\11.6.0\formsfx-core-11.6.0.jar;C:\Users\Ёлиза\.m2\repository\net\synedra\validatorfx\0.4.0\validatorfx-0.4.0.jar;C:\Users\Ёлиза\.m2\repository\com\github\almasb\fxgl-scene\17.2\fxgl-scene-17.2.jar;C:\Users\Ёлиза\.m2\repository\org\kordamp\bootstrapfx\bootstrapfx-core\0.4.0\bootstrapfx-core-0.4.0.jar;C:\Users\Ёлиза\.m2\repository\com\fasterxml\jackson\core\jackson-core\2.12.1\jackson-core-2.12.1.jar;C:\Users\Ёлиза\.m2\repository\org\kordamp\ikonli\ikonli-javafx\12.3.1\ikonli-javafx-12.3.1.jar;C:\Users\Ёлиза\.m2\repository\eu\hansolo\fx\countries\17.0.23\countries-17.0.23.jar;C:\Users\Ёлиза\.m2\repository\com\github\almasb\fxgl-core\17.2\fxgl-core-17.2.jar;C:\Users\Ёлиза\.m2\repository\eu\hansolo\tilesfx\17.1.1-Djdk.module.main=task.credit 
java_command: task.credit/task.finance.FinanceApp
java_class_path (initial): C:\Users\Ёлиза\.m2\repository\org\openjfx\javafx-controls\21-ea+24\javafx-controls-21-ea+24.jar;C:\Users\Ёлиза\.m2\repository\org\openjfx\javafx-graphics\21-ea+24\javafx-graphics-21-ea+24.jar;C:\Users\Ёлиза\.m2\repository\org\openjfx\javafx-base\21-ea+24\javafx-base-21-ea+24.jar;C:\Users\Ёлиза\.m2\repository\org\openjfx\javafx-fxml\21-ea+24\javafx-fxml-21-ea+24.jar;C:\Users\Ёлиза\.m2\repository\org\openjfx\javafx-web\21-ea+24\javafx-web-21-ea+24.jar;C:\Users\Ёлиза\.m2\repository\org\openjfx\javafx-media\21-ea+24\javafx-media-21-ea+24.jar;C:\Users\Ёлиза\.m2\repository\org\jetbrains\annotations\13.0\annotations-13.0.jar;C:\Users\Ёлиза\.m2\repository\org\jetbrains\kotlin\kotlin-stdlib-common\1.6.0\kotlin-stdlib-common-1.6.0.jar;C:\Users\Ёлиза\Downloads\mysql-connector-j-8.2.0\mysql-connector-j-8.2.0.jar
Launcher Type: SUN_STANDARD

[Global flags]
     intx CICompilerCount                          = 3                                         {product} {ergonomic}
     uint ConcGCThreads                            = 1                                         {product} {ergonomic}
     uint G1ConcRefinementThreads                  = 4                                         {product} {ergonomic}
   size_t G1HeapRegionSize                         = 1048576                                   {product} {ergonomic}
    uintx GCDrainStackTargetSize                   = 64                                        {product} {ergonomic}
   size_t InitialHeapSize                          = 58720256                                  {product} {ergonomic}
   size_t MarkStackSize                            = 4194304                                   {product} {ergonomic}
   size_t MaxHeapSize                              = 924844032                                 {product} {ergonomic}
   size_t MaxNewSize                               = 554696704                                 {product} {ergonomic}
   size_t MinHeapDeltaBytes                        = 1048576                                   {product} {ergonomic}
   size_t MinHeapSize                              = 8388608                                   {product} {ergonomic}
    uintx NonNMethodCodeHeapSize                   = 5832780                                {pd product} {ergonomic}
    uintx NonProfiledCodeHeapSize                  = 122912730                              {pd product} {ergonomic}
    uintx ProfiledCodeHeapSize                     = 122912730                              {pd product} {ergonomic}
    uintx ReservedCodeCacheSize                    = 251658240                              {pd product} {ergonomic}
     bool SegmentedCodeCache                       = true                                      {product} {ergonomic}
   size_t SoftMaxHeapSize                          = 924844032                              {manageable} {ergonomic}
     bool UseCompressedOops                        = true                           {product lp64_product} {ergonomic}
     bool UseG1GC                                  = true                                      {product} {ergonomic}
     bool UseLargePagesIndividualAllocation        = false                                  {pd product} {ergonomic}

Logging:
Log output configuration:
 #0: stdout all=warning uptime,level,tags foldmultilines=false
 #1: stderr all=off uptime,level,tags foldmultilines=false

Environment Variables:
PATH=C:\Program Files\Python38\Scripts\;C:\Program Files\Python38\;C:\Windows\system32;C:\Windows;C:\Windows\System32\Wbem;C:\Windows\System32\WindowsPowerShell\v1.0\;C:\Program Files\Microsoft SQL Server\120\DTS\Binn\;C:\Program Files\Microsoft SQL Server\Client SDK\ODBC\110\Tools\Binn\;C:\Program Files (x86)\Microsoft SQL Server\120\Tools\Binn\;C:\Program Files\Microsoft SQL Server\120\Tools\Binn\;C:\Program Files (x86)\Microsoft SQL Server\120\Tools\Binn\ManagementStudio\;C:\Program Files (x86)\Microsoft SQL Server\120\DTS\Binn\;C:\Program Files\Git\cmd;C:\Users\Ёлиза\AppData\Local\Microsoft\WindowsApps;;C:\Program Files\JetBrains\IntelliJ IDEA Community Edition 2023.2.5\bin;;C:\Program Files\JetBrains\PyCharm Edu 2022.2.2\bin;;C:\Program Files\Microsoft VS Code\bin;C:\Program Files\JetBrains\PyCharm Community Edition 2023.2.5\bin;
USERNAME=Ёлиза
OS=Windows_NT
PROCESSOR_IDENTIFIER=AMD64 Family 23 Model 24 Stepping 1, AuthenticAMD
TMP=C:\Temp
TEMP=C:\Temp




---------------  S Y S T E M  ---------------

OS:
 Windows 10 , 64 bit Build 19041 (10.0.19041.3636)
OS uptime: 0 days 1:22 hours

CPU: total 4 (initial active 4) (4 cores per cpu, 2 threads per core) family 23 model 24 stepping 1 microcode 0x0, cx8, cmov, fxsr, ht, mmx, 3dnowpref, sse, sse2, sse3, ssse3, sse4a, sse4.1, sse4.2, popcnt, lzcnt, tsc, tscinvbit, avx, avx2, aes, clmul, bmi1, bmi2, adx, sha, fma, vzeroupper, clflush, clflushopt, rdtscp, f16c
Processor Information for all 4 processors :
  Max Mhz: 2600, Current Mhz: 2600, Mhz Limit: 2600

Memory: 4k page, system-wide physical 3522M (42M free)
TotalPageFile size 9854M (AvailPageFile size 6M)
current process WorkingSet (physical memory assigned to process): 135M, peak: 147M
current process commit charge ("private bytes"): 227M, peak: 233M

vm_info: Java HotSpot(TM) 64-Bit Server VM (21+35-LTS-2513) for windows-amd64 JRE (21+35-LTS-2513), built on 2023-08-09T20:25:10Z by "mach5one" with MS VC++ 17.1 (VS2022)

END.
